<?xml version="1.0" encoding="UTF-8" standalone="no"?>
<!DOCTYPE log SYSTEM "logger.dtd">
<log>
<record>
  <date>2022-09-20T13:59:11</date>
  <millis>1663675151919</millis>
  <sequence>0</sequence>
  <level>START</level>
  <class>com.kms.katalon.core.logging.XmlKeywordLogger</class>
  <method>startSuite</method>
  <thread>1</thread>
  <message>Start Test Suite : Test Suites/New Test Suite</message>
  <nestedLevel>0</nestedLevel>
  <escapedJava>false</escapedJava>
  <property name="rerunTestFailImmediately">false</property>
  <property name="retryCount">3</property>
  <property name="name">New Test Suite</property>
  <property name="description"></property>
  <property name="id">Test Suites/New Test Suite</property>
</record>
<record>
  <date>2022-09-20T13:59:11</date>
  <millis>1663675151942</millis>
  <sequence>1</sequence>
  <level>RUN_DATA</level>
  <class>com.kms.katalon.core.logging.XmlKeywordLogger</class>
  <method>logMessage</method>
  <thread>1</thread>
  <message>hostName = Power - DESKTOP-B2LA5HP</message>
  <nestedLevel>0</nestedLevel>
  <escapedJava>false</escapedJava>
  <property name="hostName">Power - DESKTOP-B2LA5HP</property>
</record>
<record>
  <date>2022-09-20T13:59:11</date>
  <millis>1663675151944</millis>
  <sequence>2</sequence>
  <level>RUN_DATA</level>
  <class>com.kms.katalon.core.logging.XmlKeywordLogger</class>
  <method>logMessage</method>
  <thread>1</thread>
  <message>os = Windows 10 64bit</message>
  <nestedLevel>0</nestedLevel>
  <escapedJava>false</escapedJava>
  <property name="os">Windows 10 64bit</property>
</record>
<record>
  <date>2022-09-20T13:59:11</date>
  <millis>1663675151946</millis>
  <sequence>3</sequence>
  <level>RUN_DATA</level>
  <class>com.kms.katalon.core.logging.XmlKeywordLogger</class>
  <method>logMessage</method>
  <thread>1</thread>
  <message>hostAddress = 192.168.1.215</message>
  <nestedLevel>0</nestedLevel>
  <escapedJava>false</escapedJava>
  <property name="hostAddress">192.168.1.215</property>
</record>
<record>
  <date>2022-09-20T13:59:11</date>
  <millis>1663675151948</millis>
  <sequence>4</sequence>
  <level>RUN_DATA</level>
  <class>com.kms.katalon.core.logging.XmlKeywordLogger</class>
  <method>logMessage</method>
  <thread>1</thread>
  <message>katalonVersion = 8.4.1.208</message>
  <nestedLevel>0</nestedLevel>
  <escapedJava>false</escapedJava>
  <property name="katalonVersion">8.4.1.208</property>
</record>
<record>
  <date>2022-09-20T13:59:12</date>
  <millis>1663675152374</millis>
  <sequence>5</sequence>
  <level>START</level>
  <class>com.kms.katalon.core.logging.XmlKeywordLogger</class>
  <method>startTest</method>
  <thread>1</thread>
  <message>Start Test Case : Test Cases/Crash_test</message>
  <nestedLevel>1</nestedLevel>
  <escapedJava>false</escapedJava>
  <property name="name">Test Cases/Crash_test</property>
  <property name="description"></property>
  <property name="iteration"></property>
  <property name="id">Test Cases/Crash_test</property>
  <property name="source">C:\Users\Power\git\kt\Test Cases\Crash_test.tc</property>
  <property name="tag"></property>
  <property name="isOptional">false</property>
</record>
<record>
  <date>2022-09-20T13:59:12</date>
  <millis>1663675152935</millis>
  <sequence>7</sequence>
  <level>START</level>
  <class>com.kms.katalon.core.logging.XmlKeywordLogger</class>
  <method>startKeyword</method>
  <thread>1</thread>
  <message>Start action : startApplicationWithTitle(&amp;quot;C:\Users\Power\Desktop\Cargo-BI-Client\Cargo_BI_Client\bin\Debug\net6.0-windows\Cargo_BI_Client.exe&amp;quot;, &amp;quot;&amp;quot;)</message>
  <nestedLevel>1</nestedLevel>
  <escapedJava>false</escapedJava>
  <property name="startLine">20</property>
  <property name="stepIndex">1</property>
</record>
<record>
  <date>2022-09-20T13:59:13</date>
  <millis>1663675153160</millis>
  <sequence>8</sequence>
  <level>INFO</level>
  <class>com.kms.katalon.core.logging.XmlKeywordLogger</class>
  <method>logMessage</method>
  <thread>1</thread>
  <message>Starting application C:\Users\Power\Desktop\Cargo-BI-Client\Cargo_BI_Client\bin\Debug\net6.0-windows\Cargo_BI_Client.exe on the local machine at address http://127.0.0.1:4723</message>
  <nestedLevel>1</nestedLevel>
  <escapedJava>false</escapedJava>
</record>
<record>
  <date>2022-09-20T13:59:13</date>
  <millis>1663675153170</millis>
  <sequence>9</sequence>
  <level>RUN_DATA</level>
  <class>com.kms.katalon.core.logging.XmlKeywordLogger</class>
  <method>logMessage</method>
  <thread>1</thread>
  <message>desiredCapabilities = {}</message>
  <nestedLevel>1</nestedLevel>
  <escapedJava>false</escapedJava>
  <property name="desiredCapabilities">{}</property>
</record>
<record>
  <date>2022-09-20T13:59:15</date>
  <millis>1663675155922</millis>
  <sequence>12</sequence>
  <level>PASSED</level>
  <class>com.kms.katalon.core.logging.XmlKeywordLogger</class>
  <method>logMessage</method>
  <thread>1</thread>
  <message>The application at location: C:\Users\Power\Desktop\Cargo-BI-Client\Cargo_BI_Client\bin\Debug\net6.0-windows\Cargo_BI_Client.exe started.</message>
  <nestedLevel>1</nestedLevel>
  <escapedJava>false</escapedJava>
  <property name="testops-method-name">com.kms.katalon.core.keyword.internal.KeywordMain$runKeyword.call</property>
  <property name="testops-execution-stacktrace">com.kms.katalon.core.logging.KeywordLogger.logPassed(KeywordLogger.java:338)
com.kms.katalon.core.logging.KeywordLogger.logPassed(KeywordLogger.java:332)
com.kms.katalon.core.windows.keyword.builtin.StartApplicationWithTitleKeyword$_startApplicationWithTitle_closure1.doCall(StartApplicationWithTitleKeyword.groovy:34)
com.kms.katalon.core.windows.keyword.builtin.StartApplicationWithTitleKeyword$_startApplicationWithTitle_closure1.doCall(StartApplicationWithTitleKeyword.groovy)
com.kms.katalon.core.keyword.internal.KeywordMain.runKeyword(KeywordMain.groovy:89)
com.kms.katalon.core.keyword.internal.KeywordMain$runKeyword.call(Unknown Source)
com.kms.katalon.core.windows.keyword.builtin.StartApplicationWithTitleKeyword.startApplicationWithTitle(StartApplicationWithTitleKeyword.groovy:32)
com.kms.katalon.core.windows.keyword.builtin.StartApplicationWithTitleKeyword.execute(StartApplicationWithTitleKeyword.groovy:28)
com.kms.katalon.core.keyword.internal.KeywordExecutor.executeKeywordForPlatform(KeywordExecutor.groovy:74)
com.kms.katalon.core.windows.keyword.WindowsBuiltinKeywords.startApplicationWithTitle(WindowsBuiltinKeywords.java:1064)
com.kms.katalon.core.windows.keyword.WindowsBuiltinKeywords$startApplicationWithTitle.call(Unknown Source)
Crash_test.run(Crash_test:20)
</property>
</record>
<record>
  <date>2022-09-20T13:59:15</date>
  <millis>1663675155925</millis>
  <sequence>13</sequence>
  <level>END</level>
  <class>com.kms.katalon.core.logging.XmlKeywordLogger</class>
  <method>endKeyword</method>
  <thread>1</thread>
  <message>End action : startApplicationWithTitle(&amp;quot;C:\Users\Power\Desktop\Cargo-BI-Client\Cargo_BI_Client\bin\Debug\net6.0-windows\Cargo_BI_Client.exe&amp;quot;, &amp;quot;&amp;quot;)</message>
  <nestedLevel>1</nestedLevel>
  <escapedJava>false</escapedJava>
</record>
<record>
  <date>2022-09-20T13:59:15</date>
  <millis>1663675155926</millis>
  <sequence>14</sequence>
  <level>START</level>
  <class>com.kms.katalon.core.logging.XmlKeywordLogger</class>
  <method>startKeyword</method>
  <thread>1</thread>
  <message>Start action : delay(3, STOP_ON_FAILURE)</message>
  <nestedLevel>1</nestedLevel>
  <escapedJava>false</escapedJava>
  <property name="startLine">23</property>
  <property name="stepIndex">2</property>
</record>
<record>
  <date>2022-09-20T13:59:15</date>
  <millis>1663675155929</millis>
  <sequence>15</sequence>
  <level>NOT_RUN</level>
  <class>com.kms.katalon.core.logging.XmlKeywordLogger</class>
  <method>logMessage</method>
  <thread>1</thread>
  <message>NOT_RUN: delay(3, STOP_ON_FAILURE)</message>
  <nestedLevel>1</nestedLevel>
  <escapedJava>false</escapedJava>
</record>
<record>
  <date>2022-09-20T13:59:15</date>
  <millis>1663675155932</millis>
  <sequence>16</sequence>
  <level>END</level>
  <class>com.kms.katalon.core.logging.XmlKeywordLogger</class>
  <method>endKeyword</method>
  <thread>1</thread>
  <message>End action : delay(3, STOP_ON_FAILURE)</message>
  <nestedLevel>1</nestedLevel>
  <escapedJava>false</escapedJava>
</record>
<record>
  <date>2022-09-20T13:59:15</date>
  <millis>1663675155933</millis>
  <sequence>17</sequence>
  <level>START</level>
  <class>com.kms.katalon.core.logging.XmlKeywordLogger</class>
  <method>startKeyword</method>
  <thread>1</thread>
  <message>Start action : click(findWindowsObject(&amp;quot;MenuBar&amp;quot;))</message>
  <nestedLevel>1</nestedLevel>
  <escapedJava>false</escapedJava>
  <property name="startLine">25</property>
  <property name="stepIndex">3</property>
</record>
<record>
  <date>2022-09-20T13:59:16</date>
  <millis>1663675156487</millis>
  <sequence>19</sequence>
  <level>INFO</level>
  <class>com.kms.katalon.core.logging.XmlKeywordLogger</class>
  <method>logMessage</method>
  <thread>1</thread>
  <message>Clicking on element: Object Repository/MenuBar</message>
  <nestedLevel>1</nestedLevel>
  <escapedJava>false</escapedJava>
</record>
<record>
  <date>2022-09-20T13:59:16</date>
  <millis>1663675156782</millis>
  <sequence>21</sequence>
  <level>PASSED</level>
  <class>com.kms.katalon.core.logging.XmlKeywordLogger</class>
  <method>logMessage</method>
  <thread>1</thread>
  <message>Click on element: Object Repository/MenuBar succesfully</message>
  <nestedLevel>1</nestedLevel>
  <escapedJava>false</escapedJava>
  <property name="testops-method-name">com.kms.katalon.core.keyword.internal.KeywordMain$runKeyword.call</property>
  <property name="testops-execution-stacktrace">com.kms.katalon.core.logging.KeywordLogger.logPassed(KeywordLogger.java:338)
com.kms.katalon.core.logging.KeywordLogger.logPassed(KeywordLogger.java:332)
com.kms.katalon.core.logging.KeywordLogger$logPassed$0.call(Unknown Source)
com.kms.katalon.core.windows.keyword.builtin.ClickKeyword$_click_closure1.doCall(ClickKeyword.groovy:45)
com.kms.katalon.core.windows.keyword.builtin.ClickKeyword$_click_closure1.doCall(ClickKeyword.groovy)
com.kms.katalon.core.keyword.internal.KeywordMain.runKeyword(KeywordMain.groovy:89)
com.kms.katalon.core.keyword.internal.KeywordMain$runKeyword.call(Unknown Source)
com.kms.katalon.core.windows.keyword.builtin.ClickKeyword.click(ClickKeyword.groovy:37)
com.kms.katalon.core.windows.keyword.builtin.ClickKeyword$click.callCurrent(Unknown Source)
com.kms.katalon.core.windows.keyword.builtin.ClickKeyword.execute(ClickKeyword.groovy:33)
com.kms.katalon.core.keyword.internal.KeywordExecutor.executeKeywordForPlatform(KeywordExecutor.groovy:74)
com.kms.katalon.core.windows.keyword.WindowsBuiltinKeywords.click(WindowsBuiltinKeywords.java:72)
com.kms.katalon.core.windows.keyword.WindowsBuiltinKeywords$click$0.call(Unknown Source)
Crash_test.run(Crash_test:25)
</property>
</record>
<record>
  <date>2022-09-20T13:59:16</date>
  <millis>1663675156783</millis>
  <sequence>22</sequence>
  <level>END</level>
  <class>com.kms.katalon.core.logging.XmlKeywordLogger</class>
  <method>endKeyword</method>
  <thread>1</thread>
  <message>End action : click(findWindowsObject(&amp;quot;MenuBar&amp;quot;))</message>
  <nestedLevel>1</nestedLevel>
  <escapedJava>false</escapedJava>
</record>
<record>
  <date>2022-09-20T13:59:16</date>
  <millis>1663675156783</millis>
  <sequence>23</sequence>
  <level>START</level>
  <class>com.kms.katalon.core.logging.XmlKeywordLogger</class>
  <method>startKeyword</method>
  <thread>1</thread>
  <message>Start action : click(findWindowsObject(&amp;quot;Button - Maximize&amp;quot;))</message>
  <nestedLevel>1</nestedLevel>
  <escapedJava>false</escapedJava>
  <property name="startLine">27</property>
  <property name="stepIndex">4</property>
</record>
<record>
  <date>2022-09-20T13:59:17</date>
  <millis>1663675157017</millis>
  <sequence>25</sequence>
  <level>INFO</level>
  <class>com.kms.katalon.core.logging.XmlKeywordLogger</class>
  <method>logMessage</method>
  <thread>1</thread>
  <message>Clicking on element: Object Repository/Button - Maximize</message>
  <nestedLevel>1</nestedLevel>
  <escapedJava>false</escapedJava>
</record>
<record>
  <date>2022-09-20T13:59:17</date>
  <millis>1663675157836</millis>
  <sequence>27</sequence>
  <level>PASSED</level>
  <class>com.kms.katalon.core.logging.XmlKeywordLogger</class>
  <method>logMessage</method>
  <thread>1</thread>
  <message>Click on element: Object Repository/Button - Maximize succesfully</message>
  <nestedLevel>1</nestedLevel>
  <escapedJava>false</escapedJava>
  <property name="testops-method-name">com.kms.katalon.core.keyword.internal.KeywordMain$runKeyword.call</property>
  <property name="testops-execution-stacktrace">com.kms.katalon.core.logging.KeywordLogger.logPassed(KeywordLogger.java:338)
com.kms.katalon.core.logging.KeywordLogger.logPassed(KeywordLogger.java:332)
com.kms.katalon.core.logging.KeywordLogger$logPassed$0.call(Unknown Source)
com.kms.katalon.core.windows.keyword.builtin.ClickKeyword$_click_closure1.doCall(ClickKeyword.groovy:45)
com.kms.katalon.core.windows.keyword.builtin.ClickKeyword$_click_closure1.doCall(ClickKeyword.groovy)
com.kms.katalon.core.keyword.internal.KeywordMain.runKeyword(KeywordMain.groovy:89)
com.kms.katalon.core.keyword.internal.KeywordMain$runKeyword.call(Unknown Source)
com.kms.katalon.core.windows.keyword.builtin.ClickKeyword.click(ClickKeyword.groovy:37)
com.kms.katalon.core.windows.keyword.builtin.ClickKeyword$click.callCurrent(Unknown Source)
com.kms.katalon.core.windows.keyword.builtin.ClickKeyword.execute(ClickKeyword.groovy:33)
com.kms.katalon.core.keyword.internal.KeywordExecutor.executeKeywordForPlatform(KeywordExecutor.groovy:74)
com.kms.katalon.core.windows.keyword.WindowsBuiltinKeywords.click(WindowsBuiltinKeywords.java:72)
com.kms.katalon.core.windows.keyword.WindowsBuiltinKeywords$click$0.call(Unknown Source)
Crash_test.run(Crash_test:27)
</property>
</record>
<record>
  <date>2022-09-20T13:59:17</date>
  <millis>1663675157839</millis>
  <sequence>28</sequence>
  <level>END</level>
  <class>com.kms.katalon.core.logging.XmlKeywordLogger</class>
  <method>endKeyword</method>
  <thread>1</thread>
  <message>End action : click(findWindowsObject(&amp;quot;Button - Maximize&amp;quot;))</message>
  <nestedLevel>1</nestedLevel>
  <escapedJava>false</escapedJava>
</record>
<record>
  <date>2022-09-20T13:59:17</date>
  <millis>1663675157839</millis>
  <sequence>29</sequence>
  <level>START</level>
  <class>com.kms.katalon.core.logging.XmlKeywordLogger</class>
  <method>startKeyword</method>
  <thread>1</thread>
  <message>Start action : sendKeys(findWindowsObject(&amp;quot;Window&amp;quot;), Keys.chord(CONTROL, SHIFT, &amp;quot;a&amp;quot;))</message>
  <nestedLevel>1</nestedLevel>
  <escapedJava>false</escapedJava>
  <property name="startLine">29</property>
  <property name="stepIndex">5</property>
</record>
<record>
  <date>2022-09-20T13:59:18</date>
  <millis>1663675158264</millis>
  <sequence>32</sequence>
  <level>PASSED</level>
  <class>com.kms.katalon.core.logging.XmlKeywordLogger</class>
  <method>logMessage</method>
  <thread>1</thread>
  <message>Keys a are pressed</message>
  <nestedLevel>1</nestedLevel>
  <escapedJava>false</escapedJava>
  <property name="testops-method-name">com.kms.katalon.core.keyword.internal.KeywordMain$runKeyword.call</property>
  <property name="testops-execution-stacktrace">com.kms.katalon.core.logging.KeywordLogger.logPassed(KeywordLogger.java:338)
com.kms.katalon.core.logging.KeywordLogger.logPassed(KeywordLogger.java:332)
com.kms.katalon.core.logging.KeywordLogger$logPassed$0.call(Unknown Source)
com.kms.katalon.core.windows.keyword.builtin.SendKeysKeyword$_sendKeys_closure1.doCall(SendKeysKeyword.groovy:41)
com.kms.katalon.core.windows.keyword.builtin.SendKeysKeyword$_sendKeys_closure1.doCall(SendKeysKeyword.groovy)
com.kms.katalon.core.keyword.internal.KeywordMain.runKeyword(KeywordMain.groovy:89)
com.kms.katalon.core.keyword.internal.KeywordMain$runKeyword.call(Unknown Source)
com.kms.katalon.core.windows.keyword.builtin.SendKeysKeyword.sendKeys(SendKeysKeyword.groovy:34)
com.kms.katalon.core.windows.keyword.builtin.SendKeysKeyword$sendKeys.callCurrent(Unknown Source)
com.kms.katalon.core.windows.keyword.builtin.SendKeysKeyword.execute(SendKeysKeyword.groovy:30)
com.kms.katalon.core.keyword.internal.KeywordExecutor.executeKeywordForPlatform(KeywordExecutor.groovy:74)
com.kms.katalon.core.windows.keyword.WindowsBuiltinKeywords.sendKeys(WindowsBuiltinKeywords.java:695)
com.kms.katalon.core.windows.keyword.WindowsBuiltinKeywords$sendKeys$1.call(Unknown Source)
Crash_test.run(Crash_test:29)
</property>
</record>
<record>
  <date>2022-09-20T13:59:18</date>
  <millis>1663675158266</millis>
  <sequence>33</sequence>
  <level>END</level>
  <class>com.kms.katalon.core.logging.XmlKeywordLogger</class>
  <method>endKeyword</method>
  <thread>1</thread>
  <message>End action : sendKeys(findWindowsObject(&amp;quot;Window&amp;quot;), Keys.chord(CONTROL, SHIFT, &amp;quot;a&amp;quot;))</message>
  <nestedLevel>1</nestedLevel>
  <escapedJava>false</escapedJava>
</record>
<record>
  <date>2022-09-20T13:59:18</date>
  <millis>1663675158266</millis>
  <sequence>34</sequence>
  <level>START</level>
  <class>com.kms.katalon.core.logging.XmlKeywordLogger</class>
  <method>startKeyword</method>
  <thread>1</thread>
  <message>Start action : delay(70)</message>
  <nestedLevel>1</nestedLevel>
  <escapedJava>false</escapedJava>
  <property name="startLine">31</property>
  <property name="stepIndex">6</property>
</record>
<record>
  <date>2022-09-20T14:00:28</date>
  <millis>1663675228295</millis>
  <sequence>36</sequence>
  <level>PASSED</level>
  <class>com.kms.katalon.core.logging.XmlKeywordLogger</class>
  <method>logMessage</method>
  <thread>1</thread>
  <message>Delayed 70 second(s)</message>
  <nestedLevel>1</nestedLevel>
  <escapedJava>false</escapedJava>
  <property name="testops-method-name">com.kms.katalon.core.keyword.builtin.DelayKeyword.delay</property>
  <property name="testops-execution-stacktrace"></property>
</record>
<record>
  <date>2022-09-20T14:00:28</date>
  <millis>1663675228295</millis>
  <sequence>37</sequence>
  <level>END</level>
  <class>com.kms.katalon.core.logging.XmlKeywordLogger</class>
  <method>endKeyword</method>
  <thread>1</thread>
  <message>End action : delay(70)</message>
  <nestedLevel>1</nestedLevel>
  <escapedJava>false</escapedJava>
</record>
<record>
  <date>2022-09-20T14:00:28</date>
  <millis>1663675228295</millis>
  <sequence>38</sequence>
  <level>START</level>
  <class>com.kms.katalon.core.logging.XmlKeywordLogger</class>
  <method>startKeyword</method>
  <thread>1</thread>
  <message>Start action : findElement(findWindowsObject(&amp;quot;Window&amp;quot;))</message>
  <nestedLevel>1</nestedLevel>
  <escapedJava>false</escapedJava>
  <property name="startLine">33</property>
  <property name="stepIndex">7</property>
</record>
<record>
  <date>2022-09-20T14:00:28</date>
  <millis>1663675228333</millis>
  <sequence>40</sequence>
  <level>PASSED</level>
  <class>com.kms.katalon.core.logging.XmlKeywordLogger</class>
  <method>logMessage</method>
  <thread>1</thread>
  <message>Search for element with locator: [Name=&amp;quot;Cargo-BI&amp;quot;]</message>
  <nestedLevel>1</nestedLevel>
  <escapedJava>false</escapedJava>
  <property name="testops-method-name">com.kms.katalon.core.keyword.internal.KeywordMain$runKeyword.call</property>
  <property name="testops-execution-stacktrace">com.kms.katalon.core.logging.KeywordLogger.logPassed(KeywordLogger.java:338)
com.kms.katalon.core.logging.KeywordLogger.logPassed(KeywordLogger.java:332)
com.kms.katalon.core.logging.KeywordLogger$logPassed$0.call(Unknown Source)
com.kms.katalon.core.windows.keyword.builtin.FindElementKeyword$_findElement_closure1.doCall(FindElementKeyword.groovy:45)
com.kms.katalon.core.windows.keyword.builtin.FindElementKeyword$_findElement_closure1.doCall(FindElementKeyword.groovy)
com.kms.katalon.core.keyword.internal.KeywordMain.runKeyword(KeywordMain.groovy:89)
com.kms.katalon.core.keyword.internal.KeywordMain$runKeyword.call(Unknown Source)
com.kms.katalon.core.windows.keyword.builtin.FindElementKeyword.findElement(FindElementKeyword.groovy:37)
com.kms.katalon.core.windows.keyword.builtin.FindElementKeyword$findElement.callCurrent(Unknown Source)
com.kms.katalon.core.windows.keyword.builtin.FindElementKeyword.execute(FindElementKeyword.groovy:32)
com.kms.katalon.core.keyword.internal.KeywordExecutor.executeKeywordForPlatform(KeywordExecutor.groovy:74)
com.kms.katalon.core.windows.keyword.WindowsBuiltinKeywords.findElement(WindowsBuiltinKeywords.java:846)
com.kms.katalon.core.windows.keyword.WindowsBuiltinKeywords$findElement$2.call(Unknown Source)
Crash_test.run(Crash_test:33)
</property>
</record>
<record>
  <date>2022-09-20T14:00:28</date>
  <millis>1663675228464</millis>
  <sequence>45</sequence>
  <level>FAILED</level>
  <class>com.kms.katalon.core.logging.XmlKeywordLogger</class>
  <method>logMessage</method>
  <thread>1</thread>
  <message>Currently selected window has been closed (WARNING: The server did not provide any stacktrace information)
Command duration or timeout: 0 milliseconds
Build info: version: &amp;apos;3.141.59&amp;apos;, revision: &amp;apos;e82be7d358&amp;apos;, time: &amp;apos;2018-11-14T08:25:53&amp;apos;
System info: host: &amp;apos;DESKTOP-B2LA5HP&amp;apos;, ip: &amp;apos;192.168.1.215&amp;apos;, os.name: &amp;apos;Windows 10&amp;apos;, os.arch: &amp;apos;amd64&amp;apos;, os.version: &amp;apos;10.0&amp;apos;, java.version: &amp;apos;1.8.0_282&amp;apos;
Driver info: io.appium.java_client.windows.WindowsDriver
Capabilities {app: C:\Users\Power\Desktop\Carg..., javascriptEnabled: true, platform: WINDOWS, platformName: WINDOWS}
Session ID: BE7724D8-99B1-4859-843F-9F7487AA114D
*** Element info: {Using=name, value=Cargo-BI} (Root cause: org.openqa.selenium.NoSuchWindowException: Currently selected window has been closed (WARNING: The server did not provide any stacktrace information)
Command duration or timeout: 0 milliseconds
Build info: version: &amp;apos;3.141.59&amp;apos;, revision: &amp;apos;e82be7d358&amp;apos;, time: &amp;apos;2018-11-14T08:25:53&amp;apos;
System info: host: &amp;apos;DESKTOP-B2LA5HP&amp;apos;, ip: &amp;apos;192.168.1.215&amp;apos;, os.name: &amp;apos;Windows 10&amp;apos;, os.arch: &amp;apos;amd64&amp;apos;, os.version: &amp;apos;10.0&amp;apos;, java.version: &amp;apos;1.8.0_282&amp;apos;
Driver info: io.appium.java_client.windows.WindowsDriver
Capabilities {app: C:\Users\Power\Desktop\Carg..., javascriptEnabled: true, platform: WINDOWS, platformName: WINDOWS}
Session ID: BE7724D8-99B1-4859-843F-9F7487AA114D
*** Element info: {Using=name, value=Cargo-BI}
	at org.openqa.selenium.remote.ErrorHandler.createThrowable(ErrorHandler.java:214)
	at org.openqa.selenium.remote.ErrorHandler.throwIfResponseFailed(ErrorHandler.java:166)
	at org.openqa.selenium.remote.http.JsonHttpResponseCodec.reconstructValue(JsonHttpResponseCodec.java:40)
	at org.openqa.selenium.remote.http.AbstractHttpResponseCodec.decode(AbstractHttpResponseCodec.java:80)
	at org.openqa.selenium.remote.http.AbstractHttpResponseCodec.decode(AbstractHttpResponseCodec.java:44)
	at org.openqa.selenium.remote.HttpCommandExecutor.execute(HttpCommandExecutor.java:158)
	at io.appium.java_client.remote.AppiumCommandExecutor.execute(AppiumCommandExecutor.java:239)
	at org.openqa.selenium.remote.RemoteWebDriver.execute(RemoteWebDriver.java:552)
	at io.appium.java_client.DefaultGenericMobileDriver.execute(DefaultGenericMobileDriver.java:42)
	at io.appium.java_client.AppiumDriver.execute(AppiumDriver.java:1)
	at io.appium.java_client.windows.WindowsDriver.execute(WindowsDriver.java:1)
	at org.openqa.selenium.remote.RemoteWebDriver.findElement(RemoteWebDriver.java:323)
	at io.appium.java_client.DefaultGenericMobileDriver.findElement(DefaultGenericMobileDriver.java:62)
	at io.appium.java_client.AppiumDriver.findElement(AppiumDriver.java:1)
	at io.appium.java_client.windows.WindowsDriver.findElement(WindowsDriver.java:1)
	at org.openqa.selenium.remote.RemoteWebDriver.findElementByName(RemoteWebDriver.java:404)
	at io.appium.java_client.DefaultGenericMobileDriver.findElementByName(DefaultGenericMobileDriver.java:118)
	at io.appium.java_client.AppiumDriver.findElementByName(AppiumDriver.java:1)
	at io.appium.java_client.windows.WindowsDriver.findElementByName(WindowsDriver.java:1)
	at com.kms.katalon.core.windows.keyword.helper.WindowsActionHelper$1.apply(WindowsActionHelper.java:132)
	at com.kms.katalon.core.windows.keyword.helper.WindowsActionHelper$1.apply(WindowsActionHelper.java:1)
	at org.openqa.selenium.support.ui.FluentWait.until(FluentWait.java:249)
	at com.kms.katalon.core.windows.keyword.helper.WindowsActionHelper.findElement(WindowsActionHelper.java:120)
	at com.kms.katalon.core.windows.keyword.helper.WindowsActionHelper.findElement(WindowsActionHelper.java:77)
	at com.kms.katalon.core.windows.keyword.helper.WindowsActionHelper.findElement(WindowsActionHelper.java:69)
	at com.kms.katalon.core.windows.keyword.helper.WindowsActionHelper$findElement$1.call(Unknown Source)
	at com.kms.katalon.core.windows.keyword.builtin.FindElementKeyword$_findElement_closure1.doCall(FindElementKeyword.groovy:47)
	at com.kms.katalon.core.windows.keyword.builtin.FindElementKeyword$_findElement_closure1.doCall(FindElementKeyword.groovy)
	at com.kms.katalon.core.keyword.internal.KeywordMain.runKeyword(KeywordMain.groovy:89)
	at com.kms.katalon.core.keyword.internal.KeywordMain$runKeyword.call(Unknown Source)
	at com.kms.katalon.core.windows.keyword.builtin.FindElementKeyword.findElement(FindElementKeyword.groovy:37)
	at com.kms.katalon.core.windows.keyword.builtin.FindElementKeyword$findElement.callCurrent(Unknown Source)
	at com.kms.katalon.core.windows.keyword.builtin.FindElementKeyword.execute(FindElementKeyword.groovy:32)
	at com.kms.katalon.core.keyword.internal.KeywordExecutor.executeKeywordForPlatform(KeywordExecutor.groovy:74)
	at com.kms.katalon.core.windows.keyword.WindowsBuiltinKeywords.findElement(WindowsBuiltinKeywords.java:846)
	at com.kms.katalon.core.windows.keyword.WindowsBuiltinKeywords$findElement$2.call(Unknown Source)
	at Crash_test.run(Crash_test:33)
	at com.kms.katalon.core.main.ScriptEngine.run(ScriptEngine.java:194)
	at com.kms.katalon.core.main.ScriptEngine.runScriptAsRawText(ScriptEngine.java:119)
	at com.kms.katalon.core.main.TestCaseExecutor.runScript(TestCaseExecutor.java:448)
	at com.kms.katalon.core.main.TestCaseExecutor.doExecute(TestCaseExecutor.java:439)
	at com.kms.katalon.core.main.TestCaseExecutor.processExecutionPhase(TestCaseExecutor.java:418)
	at com.kms.katalon.core.main.TestCaseExecutor.accessMainPhase(TestCaseExecutor.java:410)
	at com.kms.katalon.core.main.TestCaseExecutor.execute(TestCaseExecutor.java:285)
	at com.kms.katalon.core.common.CommonExecutor.accessTestCaseMainPhase(CommonExecutor.java:65)
	at com.kms.katalon.core.main.TestSuiteExecutor.accessTestSuiteMainPhase(TestSuiteExecutor.java:144)
	at com.kms.katalon.core.main.TestSuiteExecutor.execute(TestSuiteExecutor.java:106)
	at com.kms.katalon.core.main.TestCaseMain.startTestSuite(TestCaseMain.java:185)
	at com.kms.katalon.core.main.TestCaseMain$startTestSuite$0.call(Unknown Source)
	at TempTestSuite1663675148479.run(TempTestSuite1663675148479.groovy:36)
)</message>
  <nestedLevel>1</nestedLevel>
  <escapedJava>false</escapedJava>
  <property name="failed.exception.stacktrace">org.openqa.selenium.NoSuchWindowException: Currently selected window has been closed (WARNING: The server did not provide any stacktrace information)
Command duration or timeout: 0 milliseconds
Build info: version: &apos;3.141.59&apos;, revision: &apos;e82be7d358&apos;, time: &apos;2018-11-14T08:25:53&apos;
System info: host: &apos;DESKTOP-B2LA5HP&apos;, ip: &apos;192.168.1.215&apos;, os.name: &apos;Windows 10&apos;, os.arch: &apos;amd64&apos;, os.version: &apos;10.0&apos;, java.version: &apos;1.8.0_282&apos;
Driver info: io.appium.java_client.windows.WindowsDriver
Capabilities {app: C:\Users\Power\Desktop\Carg..., javascriptEnabled: true, platform: WINDOWS, platformName: WINDOWS}
Session ID: BE7724D8-99B1-4859-843F-9F7487AA114D
*** Element info: {Using=name, value=Cargo-BI}
	at org.openqa.selenium.remote.ErrorHandler.createThrowable(ErrorHandler.java:214)
	at org.openqa.selenium.remote.ErrorHandler.throwIfResponseFailed(ErrorHandler.java:166)
	at org.openqa.selenium.remote.http.JsonHttpResponseCodec.reconstructValue(JsonHttpResponseCodec.java:40)
	at org.openqa.selenium.remote.http.AbstractHttpResponseCodec.decode(AbstractHttpResponseCodec.java:80)
	at org.openqa.selenium.remote.http.AbstractHttpResponseCodec.decode(AbstractHttpResponseCodec.java:44)
	at org.openqa.selenium.remote.HttpCommandExecutor.execute(HttpCommandExecutor.java:158)
	at io.appium.java_client.remote.AppiumCommandExecutor.execute(AppiumCommandExecutor.java:239)
	at org.openqa.selenium.remote.RemoteWebDriver.execute(RemoteWebDriver.java:552)
	at io.appium.java_client.DefaultGenericMobileDriver.execute(DefaultGenericMobileDriver.java:42)
	at io.appium.java_client.AppiumDriver.execute(AppiumDriver.java:1)
	at io.appium.java_client.windows.WindowsDriver.execute(WindowsDriver.java:1)
	at org.openqa.selenium.remote.RemoteWebDriver.findElement(RemoteWebDriver.java:323)
	at io.appium.java_client.DefaultGenericMobileDriver.findElement(DefaultGenericMobileDriver.java:62)
	at io.appium.java_client.AppiumDriver.findElement(AppiumDriver.java:1)
	at io.appium.java_client.windows.WindowsDriver.findElement(WindowsDriver.java:1)
	at org.openqa.selenium.remote.RemoteWebDriver.findElementByName(RemoteWebDriver.java:404)
	at io.appium.java_client.DefaultGenericMobileDriver.findElementByName(DefaultGenericMobileDriver.java:118)
	at io.appium.java_client.AppiumDriver.findElementByName(AppiumDriver.java:1)
	at io.appium.java_client.windows.WindowsDriver.findElementByName(WindowsDriver.java:1)
	at com.kms.katalon.core.windows.keyword.helper.WindowsActionHelper$1.apply(WindowsActionHelper.java:132)
	at com.kms.katalon.core.windows.keyword.helper.WindowsActionHelper$1.apply(WindowsActionHelper.java:1)
	at org.openqa.selenium.support.ui.FluentWait.until(FluentWait.java:249)
	at com.kms.katalon.core.windows.keyword.helper.WindowsActionHelper.findElement(WindowsActionHelper.java:120)
	at com.kms.katalon.core.windows.keyword.helper.WindowsActionHelper.findElement(WindowsActionHelper.java:77)
	at com.kms.katalon.core.windows.keyword.helper.WindowsActionHelper.findElement(WindowsActionHelper.java:69)
	at com.kms.katalon.core.windows.keyword.helper.WindowsActionHelper$findElement$1.call(Unknown Source)
	at com.kms.katalon.core.windows.keyword.builtin.FindElementKeyword$_findElement_closure1.doCall(FindElementKeyword.groovy:47)
	at com.kms.katalon.core.windows.keyword.builtin.FindElementKeyword$_findElement_closure1.doCall(FindElementKeyword.groovy)
	at com.kms.katalon.core.keyword.internal.KeywordMain.runKeyword(KeywordMain.groovy:89)
	at com.kms.katalon.core.keyword.internal.KeywordMain$runKeyword.call(Unknown Source)
	at com.kms.katalon.core.windows.keyword.builtin.FindElementKeyword.findElement(FindElementKeyword.groovy:37)
	at com.kms.katalon.core.windows.keyword.builtin.FindElementKeyword$findElement.callCurrent(Unknown Source)
	at com.kms.katalon.core.windows.keyword.builtin.FindElementKeyword.execute(FindElementKeyword.groovy:32)
	at com.kms.katalon.core.keyword.internal.KeywordExecutor.executeKeywordForPlatform(KeywordExecutor.groovy:74)
	at com.kms.katalon.core.windows.keyword.WindowsBuiltinKeywords.findElement(WindowsBuiltinKeywords.java:846)
	at com.kms.katalon.core.windows.keyword.WindowsBuiltinKeywords$findElement$2.call(Unknown Source)
	at Crash_test.run(Crash_test:33)
	at com.kms.katalon.core.main.ScriptEngine.run(ScriptEngine.java:194)
	at com.kms.katalon.core.main.ScriptEngine.runScriptAsRawText(ScriptEngine.java:119)
	at com.kms.katalon.core.main.TestCaseExecutor.runScript(TestCaseExecutor.java:448)
	at com.kms.katalon.core.main.TestCaseExecutor.doExecute(TestCaseExecutor.java:439)
	at com.kms.katalon.core.main.TestCaseExecutor.processExecutionPhase(TestCaseExecutor.java:418)
	at com.kms.katalon.core.main.TestCaseExecutor.accessMainPhase(TestCaseExecutor.java:410)
	at com.kms.katalon.core.main.TestCaseExecutor.execute(TestCaseExecutor.java:285)
	at com.kms.katalon.core.common.CommonExecutor.accessTestCaseMainPhase(CommonExecutor.java:65)
	at com.kms.katalon.core.main.TestSuiteExecutor.accessTestSuiteMainPhase(TestSuiteExecutor.java:144)
	at com.kms.katalon.core.main.TestSuiteExecutor.execute(TestSuiteExecutor.java:106)
	at com.kms.katalon.core.main.TestCaseMain.startTestSuite(TestCaseMain.java:185)
	at com.kms.katalon.core.main.TestCaseMain$startTestSuite$0.call(Unknown Source)
	at TempTestSuite1663675148479.run(TempTestSuite1663675148479.groovy:36)
</property>
  <property name="failed.exception.class">org.openqa.selenium.NoSuchWindowException</property>
  <property name="testops-method-name">com.kms.katalon.core.keyword.internal.KeywordMain$runKeyword.call</property>
  <property name="testops-execution-stacktrace">com.kms.katalon.core.logging.testops.TestOpsLogHelper.handleFailedLogEntry(TestOpsLogHelper.java:112)
com.kms.katalon.core.logging.KeywordLogger.logFailed(KeywordLogger.java:285)
com.kms.katalon.core.keyword.internal.KeywordMain.stepFailed(KeywordMain.groovy:43)
com.kms.katalon.core.keyword.internal.KeywordMain.stepFailed(KeywordMain.groovy)
com.kms.katalon.core.keyword.internal.KeywordMain.runKeyword(KeywordMain.groovy:91)
com.kms.katalon.core.keyword.internal.KeywordMain$runKeyword.call(Unknown Source)
com.kms.katalon.core.windows.keyword.builtin.FindElementKeyword.findElement(FindElementKeyword.groovy:37)
com.kms.katalon.core.windows.keyword.builtin.FindElementKeyword$findElement.callCurrent(Unknown Source)
com.kms.katalon.core.windows.keyword.builtin.FindElementKeyword.execute(FindElementKeyword.groovy:32)
com.kms.katalon.core.keyword.internal.KeywordExecutor.executeKeywordForPlatform(KeywordExecutor.groovy:74)
com.kms.katalon.core.windows.keyword.WindowsBuiltinKeywords.findElement(WindowsBuiltinKeywords.java:846)
com.kms.katalon.core.windows.keyword.WindowsBuiltinKeywords$findElement$2.call(Unknown Source)
Crash_test.run(Crash_test:33)
</property>
  <property name="failed.exception.message">Currently selected window has been closed (WARNING: The server did not provide any stacktrace information)
Command duration or timeout: 0 milliseconds
Build info: version: &apos;3.141.59&apos;, revision: &apos;e82be7d358&apos;, time: &apos;2018-11-14T08:25:53&apos;
System info: host: &apos;DESKTOP-B2LA5HP&apos;, ip: &apos;192.168.1.215&apos;, os.name: &apos;Windows 10&apos;, os.arch: &apos;amd64&apos;, os.version: &apos;10.0&apos;, java.version: &apos;1.8.0_282&apos;
Driver info: io.appium.java_client.windows.WindowsDriver
Capabilities {app: C:\Users\Power\Desktop\Carg..., javascriptEnabled: true, platform: WINDOWS, platformName: WINDOWS}
Session ID: BE7724D8-99B1-4859-843F-9F7487AA114D
*** Element info: {Using=name, value=Cargo-BI}</property>
</record>
<record>
  <date>2022-09-20T14:00:28</date>
  <millis>1663675228480</millis>
  <sequence>48</sequence>
  <level>END</level>
  <class>com.kms.katalon.core.logging.XmlKeywordLogger</class>
  <method>endKeyword</method>
  <thread>1</thread>
  <message>End action : findElement(findWindowsObject(&amp;quot;Window&amp;quot;))</message>
  <nestedLevel>1</nestedLevel>
  <escapedJava>false</escapedJava>
</record>
<record>
  <date>2022-09-20T14:00:28</date>
  <millis>1663675228480</millis>
  <sequence>51</sequence>
  <level>FAILED</level>
  <class>com.kms.katalon.core.logging.XmlKeywordLogger</class>
  <method>logMessage</method>
  <thread>1</thread>
  <message>Test Cases/Crash_test FAILED.
Reason:
com.kms.katalon.core.exception.StepFailedException: Currently selected window has been closed (WARNING: The server did not provide any stacktrace information)
Command duration or timeout: 0 milliseconds
Build info: version: &amp;apos;3.141.59&amp;apos;, revision: &amp;apos;e82be7d358&amp;apos;, time: &amp;apos;2018-11-14T08:25:53&amp;apos;
System info: host: &amp;apos;DESKTOP-B2LA5HP&amp;apos;, ip: &amp;apos;192.168.1.215&amp;apos;, os.name: &amp;apos;Windows 10&amp;apos;, os.arch: &amp;apos;amd64&amp;apos;, os.version: &amp;apos;10.0&amp;apos;, java.version: &amp;apos;1.8.0_282&amp;apos;
Driver info: io.appium.java_client.windows.WindowsDriver
Capabilities {app: C:\Users\Power\Desktop\Carg..., javascriptEnabled: true, platform: WINDOWS, platformName: WINDOWS}
Session ID: BE7724D8-99B1-4859-843F-9F7487AA114D
*** Element info: {Using=name, value=Cargo-BI} (Root cause: org.openqa.selenium.NoSuchWindowException: Currently selected window has been closed (WARNING: The server did not provide any stacktrace information)
Command duration or timeout: 0 milliseconds
Build info: version: &amp;apos;3.141.59&amp;apos;, revision: &amp;apos;e82be7d358&amp;apos;, time: &amp;apos;2018-11-14T08:25:53&amp;apos;
System info: host: &amp;apos;DESKTOP-B2LA5HP&amp;apos;, ip: &amp;apos;192.168.1.215&amp;apos;, os.name: &amp;apos;Windows 10&amp;apos;, os.arch: &amp;apos;amd64&amp;apos;, os.version: &amp;apos;10.0&amp;apos;, java.version: &amp;apos;1.8.0_282&amp;apos;
Driver info: io.appium.java_client.windows.WindowsDriver
Capabilities {app: C:\Users\Power\Desktop\Carg..., javascriptEnabled: true, platform: WINDOWS, platformName: WINDOWS}
Session ID: BE7724D8-99B1-4859-843F-9F7487AA114D
*** Element info: {Using=name, value=Cargo-BI}
	at org.openqa.selenium.remote.ErrorHandler.createThrowable(ErrorHandler.java:214)
	at org.openqa.selenium.remote.ErrorHandler.throwIfResponseFailed(ErrorHandler.java:166)
	at org.openqa.selenium.remote.http.JsonHttpResponseCodec.reconstructValue(JsonHttpResponseCodec.java:40)
	at org.openqa.selenium.remote.http.AbstractHttpResponseCodec.decode(AbstractHttpResponseCodec.java:80)
	at org.openqa.selenium.remote.http.AbstractHttpResponseCodec.decode(AbstractHttpResponseCodec.java:44)
	at org.openqa.selenium.remote.HttpCommandExecutor.execute(HttpCommandExecutor.java:158)
	at io.appium.java_client.remote.AppiumCommandExecutor.execute(AppiumCommandExecutor.java:239)
	at org.openqa.selenium.remote.RemoteWebDriver.execute(RemoteWebDriver.java:552)
	at io.appium.java_client.DefaultGenericMobileDriver.execute(DefaultGenericMobileDriver.java:42)
	at io.appium.java_client.AppiumDriver.execute(AppiumDriver.java:1)
	at io.appium.java_client.windows.WindowsDriver.execute(WindowsDriver.java:1)
	at org.openqa.selenium.remote.RemoteWebDriver.findElement(RemoteWebDriver.java:323)
	at io.appium.java_client.DefaultGenericMobileDriver.findElement(DefaultGenericMobileDriver.java:62)
	at io.appium.java_client.AppiumDriver.findElement(AppiumDriver.java:1)
	at io.appium.java_client.windows.WindowsDriver.findElement(WindowsDriver.java:1)
	at org.openqa.selenium.remote.RemoteWebDriver.findElementByName(RemoteWebDriver.java:404)
	at io.appium.java_client.DefaultGenericMobileDriver.findElementByName(DefaultGenericMobileDriver.java:118)
	at io.appium.java_client.AppiumDriver.findElementByName(AppiumDriver.java:1)
	at io.appium.java_client.windows.WindowsDriver.findElementByName(WindowsDriver.java:1)
	at com.kms.katalon.core.windows.keyword.helper.WindowsActionHelper$1.apply(WindowsActionHelper.java:132)
	at com.kms.katalon.core.windows.keyword.helper.WindowsActionHelper$1.apply(WindowsActionHelper.java:1)
	at org.openqa.selenium.support.ui.FluentWait.until(FluentWait.java:249)
	at com.kms.katalon.core.windows.keyword.helper.WindowsActionHelper.findElement(WindowsActionHelper.java:120)
	at com.kms.katalon.core.windows.keyword.helper.WindowsActionHelper.findElement(WindowsActionHelper.java:77)
	at com.kms.katalon.core.windows.keyword.helper.WindowsActionHelper.findElement(WindowsActionHelper.java:69)
	at com.kms.katalon.core.windows.keyword.helper.WindowsActionHelper$findElement$1.call(Unknown Source)
	at com.kms.katalon.core.windows.keyword.builtin.FindElementKeyword$_findElement_closure1.doCall(FindElementKeyword.groovy:47)
	at com.kms.katalon.core.windows.keyword.builtin.FindElementKeyword$_findElement_closure1.doCall(FindElementKeyword.groovy)
	at com.kms.katalon.core.keyword.internal.KeywordMain.runKeyword(KeywordMain.groovy:89)
	at com.kms.katalon.core.keyword.internal.KeywordMain$runKeyword.call(Unknown Source)
	at com.kms.katalon.core.windows.keyword.builtin.FindElementKeyword.findElement(FindElementKeyword.groovy:37)
	at com.kms.katalon.core.windows.keyword.builtin.FindElementKeyword$findElement.callCurrent(Unknown Source)
	at com.kms.katalon.core.windows.keyword.builtin.FindElementKeyword.execute(FindElementKeyword.groovy:32)
	at com.kms.katalon.core.keyword.internal.KeywordExecutor.executeKeywordForPlatform(KeywordExecutor.groovy:74)
	at com.kms.katalon.core.windows.keyword.WindowsBuiltinKeywords.findElement(WindowsBuiltinKeywords.java:846)
	at com.kms.katalon.core.windows.keyword.WindowsBuiltinKeywords$findElement$2.call(Unknown Source)
	at Crash_test.run(Crash_test:33)
	at com.kms.katalon.core.main.ScriptEngine.run(ScriptEngine.java:194)
	at com.kms.katalon.core.main.ScriptEngine.runScriptAsRawText(ScriptEngine.java:119)
	at com.kms.katalon.core.main.TestCaseExecutor.runScript(TestCaseExecutor.java:448)
	at com.kms.katalon.core.main.TestCaseExecutor.doExecute(TestCaseExecutor.java:439)
	at com.kms.katalon.core.main.TestCaseExecutor.processExecutionPhase(TestCaseExecutor.java:418)
	at com.kms.katalon.core.main.TestCaseExecutor.accessMainPhase(TestCaseExecutor.java:410)
	at com.kms.katalon.core.main.TestCaseExecutor.execute(TestCaseExecutor.java:285)
	at com.kms.katalon.core.common.CommonExecutor.accessTestCaseMainPhase(CommonExecutor.java:65)
	at com.kms.katalon.core.main.TestSuiteExecutor.accessTestSuiteMainPhase(TestSuiteExecutor.java:144)
	at com.kms.katalon.core.main.TestSuiteExecutor.execute(TestSuiteExecutor.java:106)
	at com.kms.katalon.core.main.TestCaseMain.startTestSuite(TestCaseMain.java:185)
	at com.kms.katalon.core.main.TestCaseMain$startTestSuite$0.call(Unknown Source)
	at TempTestSuite1663675148479.run(TempTestSuite1663675148479.groovy:36)
)
	at com.kms.katalon.core.keyword.internal.KeywordMain.stepFailed(KeywordMain.groovy:50)
	at com.kms.katalon.core.keyword.internal.KeywordMain.stepFailed(KeywordMain.groovy)
	at com.kms.katalon.core.keyword.internal.KeywordMain.runKeyword(KeywordMain.groovy:91)
	at com.kms.katalon.core.keyword.internal.KeywordMain$runKeyword.call(Unknown Source)
	at com.kms.katalon.core.windows.keyword.builtin.FindElementKeyword.findElement(FindElementKeyword.groovy:37)
	at com.kms.katalon.core.windows.keyword.builtin.FindElementKeyword$findElement.callCurrent(Unknown Source)
	at com.kms.katalon.core.windows.keyword.builtin.FindElementKeyword.execute(FindElementKeyword.groovy:32)
	at com.kms.katalon.core.keyword.internal.KeywordExecutor.executeKeywordForPlatform(KeywordExecutor.groovy:74)
	at com.kms.katalon.core.windows.keyword.WindowsBuiltinKeywords.findElement(WindowsBuiltinKeywords.java:846)
	at com.kms.katalon.core.windows.keyword.WindowsBuiltinKeywords$findElement$2.call(Unknown Source)
	at Crash_test.run(Crash_test:33)
	at com.kms.katalon.core.main.ScriptEngine.run(ScriptEngine.java:194)
	at com.kms.katalon.core.main.ScriptEngine.runScriptAsRawText(ScriptEngine.java:119)
	at com.kms.katalon.core.main.TestCaseExecutor.runScript(TestCaseExecutor.java:448)
	at com.kms.katalon.core.main.TestCaseExecutor.doExecute(TestCaseExecutor.java:439)
	at com.kms.katalon.core.main.TestCaseExecutor.processExecutionPhase(TestCaseExecutor.java:418)
	at com.kms.katalon.core.main.TestCaseExecutor.accessMainPhase(TestCaseExecutor.java:410)
	at com.kms.katalon.core.main.TestCaseExecutor.execute(TestCaseExecutor.java:285)
	at com.kms.katalon.core.common.CommonExecutor.accessTestCaseMainPhase(CommonExecutor.java:65)
	at com.kms.katalon.core.main.TestSuiteExecutor.accessTestSuiteMainPhase(TestSuiteExecutor.java:144)
	at com.kms.katalon.core.main.TestSuiteExecutor.execute(TestSuiteExecutor.java:106)
	at com.kms.katalon.core.main.TestCaseMain.startTestSuite(TestCaseMain.java:185)
	at com.kms.katalon.core.main.TestCaseMain$startTestSuite$0.call(Unknown Source)
	at TempTestSuite1663675148479.run(TempTestSuite1663675148479.groovy:36)
Caused by: org.openqa.selenium.NoSuchWindowException: Currently selected window has been closed (WARNING: The server did not provide any stacktrace information)
Command duration or timeout: 0 milliseconds
Build info: version: &amp;apos;3.141.59&amp;apos;, revision: &amp;apos;e82be7d358&amp;apos;, time: &amp;apos;2018-11-14T08:25:53&amp;apos;
System info: host: &amp;apos;DESKTOP-B2LA5HP&amp;apos;, ip: &amp;apos;192.168.1.215&amp;apos;, os.name: &amp;apos;Windows 10&amp;apos;, os.arch: &amp;apos;amd64&amp;apos;, os.version: &amp;apos;10.0&amp;apos;, java.version: &amp;apos;1.8.0_282&amp;apos;
Driver info: io.appium.java_client.windows.WindowsDriver
Capabilities {app: C:\Users\Power\Desktop\Carg..., javascriptEnabled: true, platform: WINDOWS, platformName: WINDOWS}
Session ID: BE7724D8-99B1-4859-843F-9F7487AA114D
*** Element info: {Using=name, value=Cargo-BI}
	at org.openqa.selenium.remote.ErrorHandler.createThrowable(ErrorHandler.java:214)
	at org.openqa.selenium.remote.ErrorHandler.throwIfResponseFailed(ErrorHandler.java:166)
	at org.openqa.selenium.remote.http.JsonHttpResponseCodec.reconstructValue(JsonHttpResponseCodec.java:40)
	at org.openqa.selenium.remote.http.AbstractHttpResponseCodec.decode(AbstractHttpResponseCodec.java:80)
	at org.openqa.selenium.remote.http.AbstractHttpResponseCodec.decode(AbstractHttpResponseCodec.java:44)
	at org.openqa.selenium.remote.HttpCommandExecutor.execute(HttpCommandExecutor.java:158)
	at io.appium.java_client.remote.AppiumCommandExecutor.execute(AppiumCommandExecutor.java:239)
	at org.openqa.selenium.remote.RemoteWebDriver.execute(RemoteWebDriver.java:552)
	at io.appium.java_client.DefaultGenericMobileDriver.execute(DefaultGenericMobileDriver.java:42)
	at io.appium.java_client.AppiumDriver.execute(AppiumDriver.java:1)
	at io.appium.java_client.windows.WindowsDriver.execute(WindowsDriver.java:1)
	at org.openqa.selenium.remote.RemoteWebDriver.findElement(RemoteWebDriver.java:323)
	at io.appium.java_client.DefaultGenericMobileDriver.findElement(DefaultGenericMobileDriver.java:62)
	at io.appium.java_client.AppiumDriver.findElement(AppiumDriver.java:1)
	at io.appium.java_client.windows.WindowsDriver.findElement(WindowsDriver.java:1)
	at org.openqa.selenium.remote.RemoteWebDriver.findElementByName(RemoteWebDriver.java:404)
	at io.appium.java_client.DefaultGenericMobileDriver.findElementByName(DefaultGenericMobileDriver.java:118)
	at io.appium.java_client.AppiumDriver.findElementByName(AppiumDriver.java:1)
	at io.appium.java_client.windows.WindowsDriver.findElementByName(WindowsDriver.java:1)
	at com.kms.katalon.core.windows.keyword.helper.WindowsActionHelper$1.apply(WindowsActionHelper.java:132)
	at com.kms.katalon.core.windows.keyword.helper.WindowsActionHelper$1.apply(WindowsActionHelper.java:1)
	at org.openqa.selenium.support.ui.FluentWait.until(FluentWait.java:249)
	at com.kms.katalon.core.windows.keyword.helper.WindowsActionHelper.findElement(WindowsActionHelper.java:120)
	at com.kms.katalon.core.windows.keyword.helper.WindowsActionHelper.findElement(WindowsActionHelper.java:77)
	at com.kms.katalon.core.windows.keyword.helper.WindowsActionHelper.findElement(WindowsActionHelper.java:69)
	at com.kms.katalon.core.windows.keyword.helper.WindowsActionHelper$findElement$1.call(Unknown Source)
	at com.kms.katalon.core.windows.keyword.builtin.FindElementKeyword$_findElement_closure1.doCall(FindElementKeyword.groovy:47)
	at com.kms.katalon.core.windows.keyword.builtin.FindElementKeyword$_findElement_closure1.doCall(FindElementKeyword.groovy)
	at com.kms.katalon.core.keyword.internal.KeywordMain.runKeyword(KeywordMain.groovy:89)
	... 21 more
</message>
  <exception>
    <message>com.kms.katalon.core.exception.StepFailedException: Currently selected window has been closed (WARNING: The server did not provide any stacktrace information)
Command duration or timeout: 0 milliseconds
Build info: version: '3.141.59', revision: 'e82be7d358', time: '2018-11-14T08:25:53'
System info: host: 'DESKTOP-B2LA5HP', ip: '192.168.1.215', os.name: 'Windows 10', os.arch: 'amd64', os.version: '10.0', java.version: '1.8.0_282'
Driver info: io.appium.java_client.windows.WindowsDriver
Capabilities {app: C:\Users\Power\Desktop\Carg..., javascriptEnabled: true, platform: WINDOWS, platformName: WINDOWS}
Session ID: BE7724D8-99B1-4859-843F-9F7487AA114D
*** Element info: {Using=name, value=Cargo-BI} (Root cause: org.openqa.selenium.NoSuchWindowException: Currently selected window has been closed (WARNING: The server did not provide any stacktrace information)
Command duration or timeout: 0 milliseconds
Build info: version: '3.141.59', revision: 'e82be7d358', time: '2018-11-14T08:25:53'
System info: host: 'DESKTOP-B2LA5HP', ip: '192.168.1.215', os.name: 'Windows 10', os.arch: 'amd64', os.version: '10.0', java.version: '1.8.0_282'
Driver info: io.appium.java_client.windows.WindowsDriver
Capabilities {app: C:\Users\Power\Desktop\Carg..., javascriptEnabled: true, platform: WINDOWS, platformName: WINDOWS}
Session ID: BE7724D8-99B1-4859-843F-9F7487AA114D
*** Element info: {Using=name, value=Cargo-BI}
	at org.openqa.selenium.remote.ErrorHandler.createThrowable(ErrorHandler.java:214)
	at org.openqa.selenium.remote.ErrorHandler.throwIfResponseFailed(ErrorHandler.java:166)
	at org.openqa.selenium.remote.http.JsonHttpResponseCodec.reconstructValue(JsonHttpResponseCodec.java:40)
	at org.openqa.selenium.remote.http.AbstractHttpResponseCodec.decode(AbstractHttpResponseCodec.java:80)
	at org.openqa.selenium.remote.http.AbstractHttpResponseCodec.decode(AbstractHttpResponseCodec.java:44)
	at org.openqa.selenium.remote.HttpCommandExecutor.execute(HttpCommandExecutor.java:158)
	at io.appium.java_client.remote.AppiumCommandExecutor.execute(AppiumCommandExecutor.java:239)
	at org.openqa.selenium.remote.RemoteWebDriver.execute(RemoteWebDriver.java:552)
	at io.appium.java_client.DefaultGenericMobileDriver.execute(DefaultGenericMobileDriver.java:42)
	at io.appium.java_client.AppiumDriver.execute(AppiumDriver.java:1)
	at io.appium.java_client.windows.WindowsDriver.execute(WindowsDriver.java:1)
	at org.openqa.selenium.remote.RemoteWebDriver.findElement(RemoteWebDriver.java:323)
	at io.appium.java_client.DefaultGenericMobileDriver.findElement(DefaultGenericMobileDriver.java:62)
	at io.appium.java_client.AppiumDriver.findElement(AppiumDriver.java:1)
	at io.appium.java_client.windows.WindowsDriver.findElement(WindowsDriver.java:1)
	at org.openqa.selenium.remote.RemoteWebDriver.findElementByName(RemoteWebDriver.java:404)
	at io.appium.java_client.DefaultGenericMobileDriver.findElementByName(DefaultGenericMobileDriver.java:118)
	at io.appium.java_client.AppiumDriver.findElementByName(AppiumDriver.java:1)
	at io.appium.java_client.windows.WindowsDriver.findElementByName(WindowsDriver.java:1)
	at com.kms.katalon.core.windows.keyword.helper.WindowsActionHelper$1.apply(WindowsActionHelper.java:132)
	at com.kms.katalon.core.windows.keyword.helper.WindowsActionHelper$1.apply(WindowsActionHelper.java:1)
	at org.openqa.selenium.support.ui.FluentWait.until(FluentWait.java:249)
	at com.kms.katalon.core.windows.keyword.helper.WindowsActionHelper.findElement(WindowsActionHelper.java:120)
	at com.kms.katalon.core.windows.keyword.helper.WindowsActionHelper.findElement(WindowsActionHelper.java:77)
	at com.kms.katalon.core.windows.keyword.helper.WindowsActionHelper.findElement(WindowsActionHelper.java:69)
	at com.kms.katalon.core.windows.keyword.helper.WindowsActionHelper$findElement$1.call(Unknown Source)
	at com.kms.katalon.core.windows.keyword.builtin.FindElementKeyword$_findElement_closure1.doCall(FindElementKeyword.groovy:47)
	at com.kms.katalon.core.windows.keyword.builtin.FindElementKeyword$_findElement_closure1.doCall(FindElementKeyword.groovy)
	at com.kms.katalon.core.keyword.internal.KeywordMain.runKeyword(KeywordMain.groovy:89)
	at com.kms.katalon.core.keyword.internal.KeywordMain$runKeyword.call(Unknown Source)
	at com.kms.katalon.core.windows.keyword.builtin.FindElementKeyword.findElement(FindElementKeyword.groovy:37)
	at com.kms.katalon.core.windows.keyword.builtin.FindElementKeyword$findElement.callCurrent(Unknown Source)
	at com.kms.katalon.core.windows.keyword.builtin.FindElementKeyword.execute(FindElementKeyword.groovy:32)
	at com.kms.katalon.core.keyword.internal.KeywordExecutor.executeKeywordForPlatform(KeywordExecutor.groovy:74)
	at com.kms.katalon.core.windows.keyword.WindowsBuiltinKeywords.findElement(WindowsBuiltinKeywords.java:846)
	at com.kms.katalon.core.windows.keyword.WindowsBuiltinKeywords$findElement$2.call(Unknown Source)
	at Crash_test.run(Crash_test:33)
	at com.kms.katalon.core.main.ScriptEngine.run(ScriptEngine.java:194)
	at com.kms.katalon.core.main.ScriptEngine.runScriptAsRawText(ScriptEngine.java:119)
	at com.kms.katalon.core.main.TestCaseExecutor.runScript(TestCaseExecutor.java:448)
	at com.kms.katalon.core.main.TestCaseExecutor.doExecute(TestCaseExecutor.java:439)
	at com.kms.katalon.core.main.TestCaseExecutor.processExecutionPhase(TestCaseExecutor.java:418)
	at com.kms.katalon.core.main.TestCaseExecutor.accessMainPhase(TestCaseExecutor.java:410)
	at com.kms.katalon.core.main.TestCaseExecutor.execute(TestCaseExecutor.java:285)
	at com.kms.katalon.core.common.CommonExecutor.accessTestCaseMainPhase(CommonExecutor.java:65)
	at com.kms.katalon.core.main.TestSuiteExecutor.accessTestSuiteMainPhase(TestSuiteExecutor.java:144)
	at com.kms.katalon.core.main.TestSuiteExecutor.execute(TestSuiteExecutor.java:106)
	at com.kms.katalon.core.main.TestCaseMain.startTestSuite(TestCaseMain.java:185)
	at com.kms.katalon.core.main.TestCaseMain$startTestSuite$0.call(Unknown Source)
	at TempTestSuite1663675148479.run(TempTestSuite1663675148479.groovy:36)
)</message>
    <frame>
      <class>com.kms.katalon.core.keyword.internal.KeywordMain</class>
      <method>stepFailed</method>
      <line>50</line>
    </frame>
    <frame>
      <class>com.kms.katalon.core.keyword.internal.KeywordMain</class>
      <method>stepFailed</method>
    </frame>
    <frame>
      <class>com.kms.katalon.core.keyword.internal.KeywordMain</class>
      <method>runKeyword</method>
      <line>91</line>
    </frame>
    <frame>
      <class>com.kms.katalon.core.keyword.internal.KeywordMain$runKeyword</class>
      <method>call</method>
    </frame>
    <frame>
      <class>com.kms.katalon.core.windows.keyword.builtin.FindElementKeyword</class>
      <method>findElement</method>
      <line>37</line>
    </frame>
    <frame>
      <class>com.kms.katalon.core.windows.keyword.builtin.FindElementKeyword$findElement</class>
      <method>callCurrent</method>
    </frame>
    <frame>
      <class>com.kms.katalon.core.windows.keyword.builtin.FindElementKeyword</class>
      <method>execute</method>
      <line>32</line>
    </frame>
    <frame>
      <class>com.kms.katalon.core.keyword.internal.KeywordExecutor</class>
      <method>executeKeywordForPlatform</method>
      <line>74</line>
    </frame>
    <frame>
      <class>com.kms.katalon.core.windows.keyword.WindowsBuiltinKeywords</class>
      <method>findElement</method>
      <line>846</line>
    </frame>
    <frame>
      <class>com.kms.katalon.core.windows.keyword.WindowsBuiltinKeywords$findElement$2</class>
      <method>call</method>
    </frame>
    <frame>
      <class>Crash_test</class>
      <method>run</method>
      <line>33</line>
    </frame>
    <frame>
      <class>com.kms.katalon.core.main.ScriptEngine</class>
      <method>run</method>
      <line>194</line>
    </frame>
    <frame>
      <class>com.kms.katalon.core.main.ScriptEngine</class>
      <method>runScriptAsRawText</method>
      <line>119</line>
    </frame>
    <frame>
      <class>com.kms.katalon.core.main.TestCaseExecutor</class>
      <method>runScript</method>
      <line>448</line>
    </frame>
    <frame>
      <class>com.kms.katalon.core.main.TestCaseExecutor</class>
      <method>doExecute</method>
      <line>439</line>
    </frame>
    <frame>
      <class>com.kms.katalon.core.main.TestCaseExecutor</class>
      <method>processExecutionPhase</method>
      <line>418</line>
    </frame>
    <frame>
      <class>com.kms.katalon.core.main.TestCaseExecutor</class>
      <method>accessMainPhase</method>
      <line>410</line>
    </frame>
    <frame>
      <class>com.kms.katalon.core.main.TestCaseExecutor</class>
      <method>execute</method>
      <line>285</line>
    </frame>
    <frame>
      <class>com.kms.katalon.core.common.CommonExecutor</class>
      <method>accessTestCaseMainPhase</method>
      <line>65</line>
    </frame>
    <frame>
      <class>com.kms.katalon.core.main.TestSuiteExecutor</class>
      <method>accessTestSuiteMainPhase</method>
      <line>144</line>
    </frame>
    <frame>
      <class>com.kms.katalon.core.main.TestSuiteExecutor</class>
      <method>execute</method>
      <line>106</line>
    </frame>
    <frame>
      <class>com.kms.katalon.core.main.TestCaseMain</class>
      <method>startTestSuite</method>
      <line>185</line>
    </frame>
    <frame>
      <class>com.kms.katalon.core.main.TestCaseMain$startTestSuite$0</class>
      <method>call</method>
    </frame>
    <frame>
      <class>TempTestSuite1663675148479</class>
      <method>run</method>
      <line>36</line>
    </frame>
  </exception>
  <nestedLevel>0</nestedLevel>
  <escapedJava>false</escapedJava>
  <property name="failed.exception.stacktrace">org.openqa.selenium.NoSuchWindowException: Currently selected window has been closed (WARNING: The server did not provide any stacktrace information)
Command duration or timeout: 0 milliseconds
Build info: version: &apos;3.141.59&apos;, revision: &apos;e82be7d358&apos;, time: &apos;2018-11-14T08:25:53&apos;
System info: host: &apos;DESKTOP-B2LA5HP&apos;, ip: &apos;192.168.1.215&apos;, os.name: &apos;Windows 10&apos;, os.arch: &apos;amd64&apos;, os.version: &apos;10.0&apos;, java.version: &apos;1.8.0_282&apos;
Driver info: io.appium.java_client.windows.WindowsDriver
Capabilities {app: C:\Users\Power\Desktop\Carg..., javascriptEnabled: true, platform: WINDOWS, platformName: WINDOWS}
Session ID: BE7724D8-99B1-4859-843F-9F7487AA114D
*** Element info: {Using=name, value=Cargo-BI}
	at org.openqa.selenium.remote.ErrorHandler.createThrowable(ErrorHandler.java:214)
	at org.openqa.selenium.remote.ErrorHandler.throwIfResponseFailed(ErrorHandler.java:166)
	at org.openqa.selenium.remote.http.JsonHttpResponseCodec.reconstructValue(JsonHttpResponseCodec.java:40)
	at org.openqa.selenium.remote.http.AbstractHttpResponseCodec.decode(AbstractHttpResponseCodec.java:80)
	at org.openqa.selenium.remote.http.AbstractHttpResponseCodec.decode(AbstractHttpResponseCodec.java:44)
	at org.openqa.selenium.remote.HttpCommandExecutor.execute(HttpCommandExecutor.java:158)
	at io.appium.java_client.remote.AppiumCommandExecutor.execute(AppiumCommandExecutor.java:239)
	at org.openqa.selenium.remote.RemoteWebDriver.execute(RemoteWebDriver.java:552)
	at io.appium.java_client.DefaultGenericMobileDriver.execute(DefaultGenericMobileDriver.java:42)
	at io.appium.java_client.AppiumDriver.execute(AppiumDriver.java:1)
	at io.appium.java_client.windows.WindowsDriver.execute(WindowsDriver.java:1)
	at org.openqa.selenium.remote.RemoteWebDriver.findElement(RemoteWebDriver.java:323)
	at io.appium.java_client.DefaultGenericMobileDriver.findElement(DefaultGenericMobileDriver.java:62)
	at io.appium.java_client.AppiumDriver.findElement(AppiumDriver.java:1)
	at io.appium.java_client.windows.WindowsDriver.findElement(WindowsDriver.java:1)
	at org.openqa.selenium.remote.RemoteWebDriver.findElementByName(RemoteWebDriver.java:404)
	at io.appium.java_client.DefaultGenericMobileDriver.findElementByName(DefaultGenericMobileDriver.java:118)
	at io.appium.java_client.AppiumDriver.findElementByName(AppiumDriver.java:1)
	at io.appium.java_client.windows.WindowsDriver.findElementByName(WindowsDriver.java:1)
	at com.kms.katalon.core.windows.keyword.helper.WindowsActionHelper$1.apply(WindowsActionHelper.java:132)
	at com.kms.katalon.core.windows.keyword.helper.WindowsActionHelper$1.apply(WindowsActionHelper.java:1)
	at org.openqa.selenium.support.ui.FluentWait.until(FluentWait.java:249)
	at com.kms.katalon.core.windows.keyword.helper.WindowsActionHelper.findElement(WindowsActionHelper.java:120)
	at com.kms.katalon.core.windows.keyword.helper.WindowsActionHelper.findElement(WindowsActionHelper.java:77)
	at com.kms.katalon.core.windows.keyword.helper.WindowsActionHelper.findElement(WindowsActionHelper.java:69)
	at com.kms.katalon.core.windows.keyword.helper.WindowsActionHelper$findElement$1.call(Unknown Source)
	at com.kms.katalon.core.windows.keyword.builtin.FindElementKeyword$_findElement_closure1.doCall(FindElementKeyword.groovy:47)
	at com.kms.katalon.core.windows.keyword.builtin.FindElementKeyword$_findElement_closure1.doCall(FindElementKeyword.groovy)
	at com.kms.katalon.core.keyword.internal.KeywordMain.runKeyword(KeywordMain.groovy:89)
	at com.kms.katalon.core.keyword.internal.KeywordMain$runKeyword.call(Unknown Source)
	at com.kms.katalon.core.windows.keyword.builtin.FindElementKeyword.findElement(FindElementKeyword.groovy:37)
	at com.kms.katalon.core.windows.keyword.builtin.FindElementKeyword$findElement.callCurrent(Unknown Source)
	at com.kms.katalon.core.windows.keyword.builtin.FindElementKeyword.execute(FindElementKeyword.groovy:32)
	at com.kms.katalon.core.keyword.internal.KeywordExecutor.executeKeywordForPlatform(KeywordExecutor.groovy:74)
	at com.kms.katalon.core.windows.keyword.WindowsBuiltinKeywords.findElement(WindowsBuiltinKeywords.java:846)
	at com.kms.katalon.core.windows.keyword.WindowsBuiltinKeywords$findElement$2.call(Unknown Source)
	at Crash_test.run(Crash_test:33)
	at com.kms.katalon.core.main.ScriptEngine.run(ScriptEngine.java:194)
	at com.kms.katalon.core.main.ScriptEngine.runScriptAsRawText(ScriptEngine.java:119)
	at com.kms.katalon.core.main.TestCaseExecutor.runScript(TestCaseExecutor.java:448)
	at com.kms.katalon.core.main.TestCaseExecutor.doExecute(TestCaseExecutor.java:439)
	at com.kms.katalon.core.main.TestCaseExecutor.processExecutionPhase(TestCaseExecutor.java:418)
	at com.kms.katalon.core.main.TestCaseExecutor.accessMainPhase(TestCaseExecutor.java:410)
	at com.kms.katalon.core.main.TestCaseExecutor.execute(TestCaseExecutor.java:285)
	at com.kms.katalon.core.common.CommonExecutor.accessTestCaseMainPhase(CommonExecutor.java:65)
	at com.kms.katalon.core.main.TestSuiteExecutor.accessTestSuiteMainPhase(TestSuiteExecutor.java:144)
	at com.kms.katalon.core.main.TestSuiteExecutor.execute(TestSuiteExecutor.java:106)
	at com.kms.katalon.core.main.TestCaseMain.startTestSuite(TestCaseMain.java:185)
	at com.kms.katalon.core.main.TestCaseMain$startTestSuite$0.call(Unknown Source)
	at TempTestSuite1663675148479.run(TempTestSuite1663675148479.groovy:36)
</property>
  <property name="failed.exception.class">org.openqa.selenium.NoSuchWindowException</property>
  <property name="failed.exception.message">Currently selected window has been closed (WARNING: The server did not provide any stacktrace information)
Command duration or timeout: 0 milliseconds
Build info: version: &apos;3.141.59&apos;, revision: &apos;e82be7d358&apos;, time: &apos;2018-11-14T08:25:53&apos;
System info: host: &apos;DESKTOP-B2LA5HP&apos;, ip: &apos;192.168.1.215&apos;, os.name: &apos;Windows 10&apos;, os.arch: &apos;amd64&apos;, os.version: &apos;10.0&apos;, java.version: &apos;1.8.0_282&apos;
Driver info: io.appium.java_client.windows.WindowsDriver
Capabilities {app: C:\Users\Power\Desktop\Carg..., javascriptEnabled: true, platform: WINDOWS, platformName: WINDOWS}
Session ID: BE7724D8-99B1-4859-843F-9F7487AA114D
*** Element info: {Using=name, value=Cargo-BI}</property>
</record>
<record>
  <date>2022-09-20T14:00:28</date>
  <millis>1663675228480</millis>
  <sequence>53</sequence>
  <level>END</level>
  <class>com.kms.katalon.core.logging.XmlKeywordLogger</class>
  <method>endTest</method>
  <thread>1</thread>
  <message>End Test Case : Test Cases/Crash_test</message>
  <nestedLevel>0</nestedLevel>
  <escapedJava>false</escapedJava>
  <property name="executionBindingVariables">[]</property>
  <property name="applitools">false</property>
  <property name="keywordsUsage">{
  &quot;web_ui&quot;: false,
  &quot;web_service&quot;: false,
  &quot;cucumber&quot;: false,
  &quot;builtin&quot;: true,
  &quot;mobile&quot;: false,
  &quot;windows&quot;: true,
  &quot;testng&quot;: false
}</property>
</record>
<record>
  <date>2022-09-20T14:00:28</date>
  <millis>1663675228495</millis>
  <sequence>54</sequence>
  <level>START</level>
  <class>com.kms.katalon.core.logging.XmlKeywordLogger</class>
  <method>startTest</method>
  <thread>1</thread>
  <message>Start Test Case : Test Cases/New Test Case</message>
  <nestedLevel>1</nestedLevel>
  <escapedJava>false</escapedJava>
  <property name="name">Test Cases/New Test Case</property>
  <property name="description"></property>
  <property name="iteration"></property>
  <property name="id">Test Cases/New Test Case</property>
  <property name="source">C:\Users\Power\git\kt\Test Cases\New Test Case.tc</property>
  <property name="tag"></property>
  <property name="isOptional">false</property>
</record>
<record>
  <date>2022-09-20T14:00:28</date>
  <millis>1663675228633</millis>
  <sequence>56</sequence>
  <level>START</level>
  <class>com.kms.katalon.core.logging.XmlKeywordLogger</class>
  <method>startKeyword</method>
  <thread>1</thread>
  <message>Start action : delay(5)</message>
  <nestedLevel>1</nestedLevel>
  <escapedJava>false</escapedJava>
  <property name="startLine">20</property>
  <property name="stepIndex">1</property>
</record>
<record>
  <date>2022-09-20T14:00:33</date>
  <millis>1663675233649</millis>
  <sequence>58</sequence>
  <level>PASSED</level>
  <class>com.kms.katalon.core.logging.XmlKeywordLogger</class>
  <method>logMessage</method>
  <thread>1</thread>
  <message>Delayed 5 second(s)</message>
  <nestedLevel>1</nestedLevel>
  <escapedJava>false</escapedJava>
  <property name="testops-method-name">com.kms.katalon.core.keyword.builtin.DelayKeyword.delay</property>
  <property name="testops-execution-stacktrace"></property>
</record>
<record>
  <date>2022-09-20T14:00:33</date>
  <millis>1663675233651</millis>
  <sequence>59</sequence>
  <level>END</level>
  <class>com.kms.katalon.core.logging.XmlKeywordLogger</class>
  <method>endKeyword</method>
  <thread>1</thread>
  <message>End action : delay(5)</message>
  <nestedLevel>1</nestedLevel>
  <escapedJava>false</escapedJava>
</record>
<record>
  <date>2022-09-20T14:00:33</date>
  <millis>1663675233651</millis>
  <sequence>60</sequence>
  <level>START</level>
  <class>com.kms.katalon.core.logging.XmlKeywordLogger</class>
  <method>startKeyword</method>
  <thread>1</thread>
  <message>Start action : startApplicationWithTitle(&amp;quot;C:\Users\Power\Desktop\Cargo-BI-Client\Cargo_BI_Client\bin\Debug\net6.0-windows\Cargo_BI_Client.exe&amp;quot;, &amp;quot;&amp;quot;)</message>
  <nestedLevel>1</nestedLevel>
  <escapedJava>false</escapedJava>
  <property name="startLine">22</property>
  <property name="stepIndex">2</property>
</record>
<record>
  <date>2022-09-20T14:00:33</date>
  <millis>1663675233651</millis>
  <sequence>61</sequence>
  <level>INFO</level>
  <class>com.kms.katalon.core.logging.XmlKeywordLogger</class>
  <method>logMessage</method>
  <thread>1</thread>
  <message>Starting application C:\Users\Power\Desktop\Cargo-BI-Client\Cargo_BI_Client\bin\Debug\net6.0-windows\Cargo_BI_Client.exe on the local machine at address http://127.0.0.1:4723</message>
  <nestedLevel>1</nestedLevel>
  <escapedJava>false</escapedJava>
</record>
<record>
  <date>2022-09-20T14:00:33</date>
  <millis>1663675233651</millis>
  <sequence>62</sequence>
  <level>RUN_DATA</level>
  <class>com.kms.katalon.core.logging.XmlKeywordLogger</class>
  <method>logMessage</method>
  <thread>1</thread>
  <message>desiredCapabilities = {}</message>
  <nestedLevel>1</nestedLevel>
  <escapedJava>false</escapedJava>
  <property name="desiredCapabilities">{}</property>
</record>
<record>
  <date>2022-09-20T14:00:34</date>
  <millis>1663675234530</millis>
  <sequence>65</sequence>
  <level>PASSED</level>
  <class>com.kms.katalon.core.logging.XmlKeywordLogger</class>
  <method>logMessage</method>
  <thread>1</thread>
  <message>The application at location: C:\Users\Power\Desktop\Cargo-BI-Client\Cargo_BI_Client\bin\Debug\net6.0-windows\Cargo_BI_Client.exe started.</message>
  <nestedLevel>1</nestedLevel>
  <escapedJava>false</escapedJava>
  <property name="testops-method-name">com.kms.katalon.core.keyword.internal.KeywordMain$runKeyword.call</property>
  <property name="testops-execution-stacktrace">com.kms.katalon.core.logging.KeywordLogger.logPassed(KeywordLogger.java:338)
com.kms.katalon.core.logging.KeywordLogger.logPassed(KeywordLogger.java:332)
com.kms.katalon.core.windows.keyword.builtin.StartApplicationWithTitleKeyword$_startApplicationWithTitle_closure1.doCall(StartApplicationWithTitleKeyword.groovy:34)
com.kms.katalon.core.windows.keyword.builtin.StartApplicationWithTitleKeyword$_startApplicationWithTitle_closure1.doCall(StartApplicationWithTitleKeyword.groovy)
com.kms.katalon.core.keyword.internal.KeywordMain.runKeyword(KeywordMain.groovy:89)
com.kms.katalon.core.keyword.internal.KeywordMain$runKeyword.call(Unknown Source)
com.kms.katalon.core.windows.keyword.builtin.StartApplicationWithTitleKeyword.startApplicationWithTitle(StartApplicationWithTitleKeyword.groovy:32)
com.kms.katalon.core.windows.keyword.builtin.StartApplicationWithTitleKeyword.execute(StartApplicationWithTitleKeyword.groovy:28)
com.kms.katalon.core.keyword.internal.KeywordExecutor.executeKeywordForPlatform(KeywordExecutor.groovy:74)
com.kms.katalon.core.windows.keyword.WindowsBuiltinKeywords.startApplicationWithTitle(WindowsBuiltinKeywords.java:1064)
com.kms.katalon.core.windows.keyword.WindowsBuiltinKeywords$startApplicationWithTitle.call(Unknown Source)
New Test Case.run(New Test Case:22)
</property>
</record>
<record>
  <date>2022-09-20T14:00:34</date>
  <millis>1663675234536</millis>
  <sequence>66</sequence>
  <level>END</level>
  <class>com.kms.katalon.core.logging.XmlKeywordLogger</class>
  <method>endKeyword</method>
  <thread>1</thread>
  <message>End action : startApplicationWithTitle(&amp;quot;C:\Users\Power\Desktop\Cargo-BI-Client\Cargo_BI_Client\bin\Debug\net6.0-windows\Cargo_BI_Client.exe&amp;quot;, &amp;quot;&amp;quot;)</message>
  <nestedLevel>1</nestedLevel>
  <escapedJava>false</escapedJava>
</record>
<record>
  <date>2022-09-20T14:00:34</date>
  <millis>1663675234536</millis>
  <sequence>67</sequence>
  <level>START</level>
  <class>com.kms.katalon.core.logging.XmlKeywordLogger</class>
  <method>startKeyword</method>
  <thread>1</thread>
  <message>Start action : delay(5)</message>
  <nestedLevel>1</nestedLevel>
  <escapedJava>false</escapedJava>
  <property name="startLine">25</property>
  <property name="stepIndex">3</property>
</record>
<record>
  <date>2022-09-20T14:00:34</date>
  <millis>1663675234536</millis>
  <sequence>68</sequence>
  <level>NOT_RUN</level>
  <class>com.kms.katalon.core.logging.XmlKeywordLogger</class>
  <method>logMessage</method>
  <thread>1</thread>
  <message>NOT_RUN: delay(5)</message>
  <nestedLevel>1</nestedLevel>
  <escapedJava>false</escapedJava>
</record>
<record>
  <date>2022-09-20T14:00:34</date>
  <millis>1663675234536</millis>
  <sequence>69</sequence>
  <level>END</level>
  <class>com.kms.katalon.core.logging.XmlKeywordLogger</class>
  <method>endKeyword</method>
  <thread>1</thread>
  <message>End action : delay(5)</message>
  <nestedLevel>1</nestedLevel>
  <escapedJava>false</escapedJava>
</record>
<record>
  <date>2022-09-20T14:00:34</date>
  <millis>1663675234536</millis>
  <sequence>70</sequence>
  <level>START</level>
  <class>com.kms.katalon.core.logging.XmlKeywordLogger</class>
  <method>startKeyword</method>
  <thread>1</thread>
  <message>Start action : click(findWindowsObject(&amp;quot;MenuBar&amp;quot;))</message>
  <nestedLevel>1</nestedLevel>
  <escapedJava>false</escapedJava>
  <property name="startLine">27</property>
  <property name="stepIndex">4</property>
</record>
<record>
  <date>2022-09-20T14:00:34</date>
  <millis>1663675234852</millis>
  <sequence>72</sequence>
  <level>INFO</level>
  <class>com.kms.katalon.core.logging.XmlKeywordLogger</class>
  <method>logMessage</method>
  <thread>1</thread>
  <message>Clicking on element: Object Repository/MenuBar</message>
  <nestedLevel>1</nestedLevel>
  <escapedJava>false</escapedJava>
</record>
<record>
  <date>2022-09-20T14:00:35</date>
  <millis>1663675235153</millis>
  <sequence>74</sequence>
  <level>PASSED</level>
  <class>com.kms.katalon.core.logging.XmlKeywordLogger</class>
  <method>logMessage</method>
  <thread>1</thread>
  <message>Click on element: Object Repository/MenuBar succesfully</message>
  <nestedLevel>1</nestedLevel>
  <escapedJava>false</escapedJava>
  <property name="testops-method-name">com.kms.katalon.core.keyword.internal.KeywordMain$runKeyword.call</property>
  <property name="testops-execution-stacktrace">com.kms.katalon.core.logging.KeywordLogger.logPassed(KeywordLogger.java:338)
com.kms.katalon.core.logging.KeywordLogger.logPassed(KeywordLogger.java:332)
com.kms.katalon.core.logging.KeywordLogger$logPassed$0.call(Unknown Source)
com.kms.katalon.core.windows.keyword.builtin.ClickKeyword$_click_closure1.doCall(ClickKeyword.groovy:45)
com.kms.katalon.core.windows.keyword.builtin.ClickKeyword$_click_closure1.doCall(ClickKeyword.groovy)
com.kms.katalon.core.keyword.internal.KeywordMain.runKeyword(KeywordMain.groovy:89)
com.kms.katalon.core.keyword.internal.KeywordMain$runKeyword.call(Unknown Source)
com.kms.katalon.core.windows.keyword.builtin.ClickKeyword.click(ClickKeyword.groovy:37)
com.kms.katalon.core.windows.keyword.builtin.ClickKeyword$click.callCurrent(Unknown Source)
com.kms.katalon.core.windows.keyword.builtin.ClickKeyword.execute(ClickKeyword.groovy:33)
com.kms.katalon.core.keyword.internal.KeywordExecutor.executeKeywordForPlatform(KeywordExecutor.groovy:74)
com.kms.katalon.core.windows.keyword.WindowsBuiltinKeywords.click(WindowsBuiltinKeywords.java:72)
com.kms.katalon.core.windows.keyword.WindowsBuiltinKeywords$click$0.call(Unknown Source)
New Test Case.run(New Test Case:27)
</property>
</record>
<record>
  <date>2022-09-20T14:00:35</date>
  <millis>1663675235153</millis>
  <sequence>75</sequence>
  <level>END</level>
  <class>com.kms.katalon.core.logging.XmlKeywordLogger</class>
  <method>endKeyword</method>
  <thread>1</thread>
  <message>End action : click(findWindowsObject(&amp;quot;MenuBar&amp;quot;))</message>
  <nestedLevel>1</nestedLevel>
  <escapedJava>false</escapedJava>
</record>
<record>
  <date>2022-09-20T14:00:35</date>
  <millis>1663675235153</millis>
  <sequence>76</sequence>
  <level>START</level>
  <class>com.kms.katalon.core.logging.XmlKeywordLogger</class>
  <method>startKeyword</method>
  <thread>1</thread>
  <message>Start action : click(findWindowsObject(&amp;quot;Button - Maximize&amp;quot;))</message>
  <nestedLevel>1</nestedLevel>
  <escapedJava>false</escapedJava>
  <property name="startLine">29</property>
  <property name="stepIndex">5</property>
</record>
<record>
  <date>2022-09-20T14:00:35</date>
  <millis>1663675235331</millis>
  <sequence>78</sequence>
  <level>INFO</level>
  <class>com.kms.katalon.core.logging.XmlKeywordLogger</class>
  <method>logMessage</method>
  <thread>1</thread>
  <message>Clicking on element: Object Repository/Button - Maximize</message>
  <nestedLevel>1</nestedLevel>
  <escapedJava>false</escapedJava>
</record>
<record>
  <date>2022-09-20T14:00:35</date>
  <millis>1663675235616</millis>
  <sequence>80</sequence>
  <level>PASSED</level>
  <class>com.kms.katalon.core.logging.XmlKeywordLogger</class>
  <method>logMessage</method>
  <thread>1</thread>
  <message>Click on element: Object Repository/Button - Maximize succesfully</message>
  <nestedLevel>1</nestedLevel>
  <escapedJava>false</escapedJava>
  <property name="testops-method-name">com.kms.katalon.core.keyword.internal.KeywordMain$runKeyword.call</property>
  <property name="testops-execution-stacktrace">com.kms.katalon.core.logging.KeywordLogger.logPassed(KeywordLogger.java:338)
com.kms.katalon.core.logging.KeywordLogger.logPassed(KeywordLogger.java:332)
com.kms.katalon.core.logging.KeywordLogger$logPassed$0.call(Unknown Source)
com.kms.katalon.core.windows.keyword.builtin.ClickKeyword$_click_closure1.doCall(ClickKeyword.groovy:45)
com.kms.katalon.core.windows.keyword.builtin.ClickKeyword$_click_closure1.doCall(ClickKeyword.groovy)
com.kms.katalon.core.keyword.internal.KeywordMain.runKeyword(KeywordMain.groovy:89)
com.kms.katalon.core.keyword.internal.KeywordMain$runKeyword.call(Unknown Source)
com.kms.katalon.core.windows.keyword.builtin.ClickKeyword.click(ClickKeyword.groovy:37)
com.kms.katalon.core.windows.keyword.builtin.ClickKeyword$click.callCurrent(Unknown Source)
com.kms.katalon.core.windows.keyword.builtin.ClickKeyword.execute(ClickKeyword.groovy:33)
com.kms.katalon.core.keyword.internal.KeywordExecutor.executeKeywordForPlatform(KeywordExecutor.groovy:74)
com.kms.katalon.core.windows.keyword.WindowsBuiltinKeywords.click(WindowsBuiltinKeywords.java:72)
com.kms.katalon.core.windows.keyword.WindowsBuiltinKeywords$click$0.call(Unknown Source)
New Test Case.run(New Test Case:29)
</property>
</record>
<record>
  <date>2022-09-20T14:00:35</date>
  <millis>1663675235616</millis>
  <sequence>81</sequence>
  <level>END</level>
  <class>com.kms.katalon.core.logging.XmlKeywordLogger</class>
  <method>endKeyword</method>
  <thread>1</thread>
  <message>End action : click(findWindowsObject(&amp;quot;Button - Maximize&amp;quot;))</message>
  <nestedLevel>1</nestedLevel>
  <escapedJava>false</escapedJava>
</record>
<record>
  <date>2022-09-20T14:00:35</date>
  <millis>1663675235616</millis>
  <sequence>82</sequence>
  <level>START</level>
  <class>com.kms.katalon.core.logging.XmlKeywordLogger</class>
  <method>startKeyword</method>
  <thread>1</thread>
  <message>Start action : setText(findWindowsObject(&amp;quot;Object Repository/LoginPage/Textfield - Username&amp;quot;), &amp;quot;Kis&amp;quot;)</message>
  <nestedLevel>1</nestedLevel>
  <escapedJava>false</escapedJava>
  <property name="startLine">31</property>
  <property name="stepIndex">6</property>
</record>
<record>
  <date>2022-09-20T14:00:36</date>
  <millis>1663675236353</millis>
  <sequence>92</sequence>
  <level>PASSED</level>
  <class>com.kms.katalon.core.logging.XmlKeywordLogger</class>
  <method>logMessage</method>
  <thread>1</thread>
  <message>Text Kis is set</message>
  <nestedLevel>1</nestedLevel>
  <escapedJava>false</escapedJava>
  <property name="testops-method-name">com.kms.katalon.core.keyword.internal.KeywordMain$runKeyword$0.call</property>
  <property name="testops-execution-stacktrace">com.kms.katalon.core.logging.KeywordLogger.logPassed(KeywordLogger.java:338)
com.kms.katalon.core.logging.KeywordLogger.logPassed(KeywordLogger.java:332)
com.kms.katalon.core.logging.KeywordLogger$logPassed$0.call(Unknown Source)
com.kms.katalon.core.windows.keyword.builtin.SetTextKeyword$_setText_closure1.doCall(SetTextKeyword.groovy:52)
com.kms.katalon.core.windows.keyword.builtin.SetTextKeyword$_setText_closure1.doCall(SetTextKeyword.groovy)
com.kms.katalon.core.keyword.internal.KeywordMain.runKeyword(KeywordMain.groovy:74)
com.kms.katalon.core.keyword.internal.KeywordMain$runKeyword$0.call(Unknown Source)
com.kms.katalon.core.windows.keyword.builtin.SetTextKeyword.setText(SetTextKeyword.groovy:54)
com.kms.katalon.core.windows.keyword.builtin.SetTextKeyword$setText.callCurrent(Unknown Source)
com.kms.katalon.core.windows.keyword.builtin.SetTextKeyword.execute(SetTextKeyword.groovy:33)
com.kms.katalon.core.keyword.internal.KeywordExecutor.executeKeywordForPlatform(KeywordExecutor.groovy:74)
com.kms.katalon.core.windows.keyword.WindowsBuiltinKeywords.setText(WindowsBuiltinKeywords.java:324)
com.kms.katalon.core.windows.keyword.WindowsBuiltinKeywords$setText$3.call(Unknown Source)
New Test Case.run(New Test Case:31)
</property>
</record>
<record>
  <date>2022-09-20T14:00:36</date>
  <millis>1663675236354</millis>
  <sequence>93</sequence>
  <level>END</level>
  <class>com.kms.katalon.core.logging.XmlKeywordLogger</class>
  <method>endKeyword</method>
  <thread>1</thread>
  <message>End action : setText(findWindowsObject(&amp;quot;Object Repository/LoginPage/Textfield - Username&amp;quot;), &amp;quot;Kis&amp;quot;)</message>
  <nestedLevel>1</nestedLevel>
  <escapedJava>false</escapedJava>
</record>
<record>
  <date>2022-09-20T14:00:36</date>
  <millis>1663675236354</millis>
  <sequence>94</sequence>
  <level>START</level>
  <class>com.kms.katalon.core.logging.XmlKeywordLogger</class>
  <method>startKeyword</method>
  <thread>1</thread>
  <message>Start action : closeApplication()</message>
  <nestedLevel>1</nestedLevel>
  <escapedJava>false</escapedJava>
  <property name="startLine">33</property>
  <property name="stepIndex">7</property>
</record>
<record>
  <date>2022-09-20T14:00:36</date>
  <millis>1663675236410</millis>
  <sequence>96</sequence>
  <level>PASSED</level>
  <class>com.kms.katalon.core.logging.XmlKeywordLogger</class>
  <method>logMessage</method>
  <thread>1</thread>
  <message>Fire Close event sucessfully.</message>
  <nestedLevel>1</nestedLevel>
  <escapedJava>false</escapedJava>
  <property name="testops-method-name">com.kms.katalon.core.keyword.internal.KeywordMain$runKeyword.call</property>
  <property name="testops-execution-stacktrace">com.kms.katalon.core.logging.KeywordLogger.logPassed(KeywordLogger.java:338)
com.kms.katalon.core.logging.KeywordLogger.logPassed(KeywordLogger.java:332)
com.kms.katalon.core.logging.KeywordLogger$logPassed$0.call(Unknown Source)
com.kms.katalon.core.windows.keyword.builtin.CloseApplicationKeyword$_closeApplication_closure1.doCall(CloseApplicationKeyword.groovy:40)
com.kms.katalon.core.windows.keyword.builtin.CloseApplicationKeyword$_closeApplication_closure1.doCall(CloseApplicationKeyword.groovy)
com.kms.katalon.core.keyword.internal.KeywordMain.runKeyword(KeywordMain.groovy:89)
com.kms.katalon.core.keyword.internal.KeywordMain$runKeyword.call(Unknown Source)
com.kms.katalon.core.windows.keyword.builtin.CloseApplicationKeyword.closeApplication(CloseApplicationKeyword.groovy:33)
com.kms.katalon.core.windows.keyword.builtin.CloseApplicationKeyword.execute(CloseApplicationKeyword.groovy:29)
com.kms.katalon.core.keyword.internal.KeywordExecutor.executeKeywordForPlatform(KeywordExecutor.groovy:74)
com.kms.katalon.core.windows.keyword.WindowsBuiltinKeywords.closeApplication(WindowsBuiltinKeywords.java:564)
com.kms.katalon.core.windows.keyword.WindowsBuiltinKeywords$closeApplication$4.call(Unknown Source)
New Test Case.run(New Test Case:33)
</property>
</record>
<record>
  <date>2022-09-20T14:00:36</date>
  <millis>1663675236410</millis>
  <sequence>97</sequence>
  <level>END</level>
  <class>com.kms.katalon.core.logging.XmlKeywordLogger</class>
  <method>endKeyword</method>
  <thread>1</thread>
  <message>End action : closeApplication()</message>
  <nestedLevel>1</nestedLevel>
  <escapedJava>false</escapedJava>
</record>
<record>
  <date>2022-09-20T14:00:36</date>
  <millis>1663675236410</millis>
  <sequence>98</sequence>
  <level>PASSED</level>
  <class>com.kms.katalon.core.logging.XmlKeywordLogger</class>
  <method>logMessage</method>
  <thread>1</thread>
  <message>Test Cases/New Test Case</message>
  <nestedLevel>1</nestedLevel>
  <escapedJava>false</escapedJava>
</record>
<record>
  <date>2022-09-20T14:00:36</date>
  <millis>1663675236410</millis>
  <sequence>99</sequence>
  <level>END</level>
  <class>com.kms.katalon.core.logging.XmlKeywordLogger</class>
  <method>endTest</method>
  <thread>1</thread>
  <message>End Test Case : Test Cases/New Test Case</message>
  <nestedLevel>0</nestedLevel>
  <escapedJava>false</escapedJava>
  <property name="executionBindingVariables">[]</property>
  <property name="applitools">false</property>
  <property name="keywordsUsage">{
  &quot;web_ui&quot;: false,
  &quot;web_service&quot;: false,
  &quot;cucumber&quot;: false,
  &quot;builtin&quot;: true,
  &quot;mobile&quot;: false,
  &quot;windows&quot;: true,
  &quot;testng&quot;: false
}</property>
</record>
<record>
  <date>2022-09-20T14:00:36</date>
  <millis>1663675236410</millis>
  <sequence>100</sequence>
  <level>START</level>
  <class>com.kms.katalon.core.logging.XmlKeywordLogger</class>
  <method>startKeyword</method>
  <thread>1</thread>
  <message>Start listener action : exportKatalonReports</message>
  <nestedLevel>0</nestedLevel>
  <escapedJava>false</escapedJava>
</record>
<record>
  <date>2022-09-20T14:00:36</date>
  <millis>1663675236718</millis>
  <sequence>228</sequence>
  <level>INFO</level>
  <class>com.kms.katalon.core.logging.XmlKeywordLogger</class>
  <method>logMessage</method>
  <thread>1</thread>
  <message>Start generating HTML report folder at: C:\Users\Power\git\kt\Reports\20220920_135907\New Test Suite\20220920_135908...</message>
  <nestedLevel>0</nestedLevel>
  <escapedJava>false</escapedJava>
</record>
<record>
  <date>2022-09-20T14:00:36</date>
  <millis>1663675236787</millis>
  <sequence>229</sequence>
  <level>INFO</level>
  <class>com.kms.katalon.core.logging.XmlKeywordLogger</class>
  <method>logMessage</method>
  <thread>1</thread>
  <message>HTML report generated</message>
  <nestedLevel>0</nestedLevel>
  <escapedJava>false</escapedJava>
</record>
<record>
  <date>2022-09-20T14:00:36</date>
  <millis>1663675236787</millis>
  <sequence>230</sequence>
  <level>INFO</level>
  <class>com.kms.katalon.core.logging.XmlKeywordLogger</class>
  <method>logMessage</method>
  <thread>1</thread>
  <message>Start generating CSV report folder at: C:\Users\Power\git\kt\Reports\20220920_135907\New Test Suite\20220920_135908...</message>
  <nestedLevel>0</nestedLevel>
  <escapedJava>false</escapedJava>
</record>
<record>
  <date>2022-09-20T14:00:36</date>
  <millis>1663675236818</millis>
  <sequence>231</sequence>
  <level>INFO</level>
  <class>com.kms.katalon.core.logging.XmlKeywordLogger</class>
  <method>logMessage</method>
  <thread>1</thread>
  <message>CSV report generated</message>
  <nestedLevel>0</nestedLevel>
  <escapedJava>false</escapedJava>
</record>
<record>
  <date>2022-09-20T14:00:37</date>
  <millis>1663675237112</millis>
  <sequence>233</sequence>
  <level>END</level>
  <class>com.kms.katalon.core.logging.XmlKeywordLogger</class>
  <method>endKeyword</method>
  <thread>1</thread>
  <message>End listener action : exportKatalonReports</message>
  <nestedLevel>0</nestedLevel>
  <escapedJava>false</escapedJava>
</record>
<record>
  <date>2022-09-20T14:00:37</date>
  <millis>1663675237138</millis>
  <sequence>234</sequence>
  <level>END</level>
  <class>com.kms.katalon.core.logging.XmlKeywordLogger</class>
  <method>endSuite</method>
  <thread>1</thread>
  <message>End Test Suite : Test Suites/New Test Suite</message>
  <nestedLevel>0</nestedLevel>
  <escapedJava>false</escapedJava>
</record>
</log>
